{"/home/sac/Downloads/programming4/homework/project_capstone_progra4/app.js": {"path":"/home/sac/Downloads/programming4/homework/project_capstone_progra4/app.js","statementMap":{"0":{"start":{"line":12,"column":0},"end":{"line":12,"column":16}},"1":{"start":{"line":13,"column":12},"end":{"line":13,"column":21}},"2":{"start":{"line":14,"column":13},"end":{"line":14,"column":29}},"3":{"start":{"line":16,"column":0},"end":{"line":16,"column":24}},"4":{"start":{"line":18,"column":23},"end":{"line":21,"column":1}},"5":{"start":{"line":24,"column":0},"end":{"line":30,"column":3}},"6":{"start":{"line":25,"column":21},"end":{"line":25,"column":54}},"7":{"start":{"line":26,"column":2},"end":{"line":28,"column":3}},"8":{"start":{"line":27,"column":4},"end":{"line":27,"column":18}},"9":{"start":{"line":29,"column":2},"end":{"line":29,"column":30}},"10":{"start":{"line":33,"column":0},"end":{"line":33,"column":34}},"11":{"start":{"line":34,"column":0},"end":{"line":34,"column":38}},"12":{"start":{"line":35,"column":0},"end":{"line":35,"column":34}},"13":{"start":{"line":36,"column":0},"end":{"line":36,"column":37}},"14":{"start":{"line":37,"column":0},"end":{"line":37,"column":34}},"15":{"start":{"line":38,"column":0},"end":{"line":38,"column":35}},"16":{"start":{"line":40,"column":0},"end":{"line":40,"column":25}},"17":{"start":{"line":41,"column":0},"end":{"line":41,"column":22}},"18":{"start":{"line":43,"column":0},"end":{"line":46,"column":3}},"19":{"start":{"line":44,"column":2},"end":{"line":44,"column":61}},"20":{"start":{"line":45,"column":2},"end":{"line":45,"column":47}}},"fnMap":{"0":{"name":"(anonymous_0)","decl":{"start":{"line":24,"column":8},"end":{"line":24,"column":9}},"loc":{"start":{"line":24,"column":28},"end":{"line":30,"column":1}},"line":24},"1":{"name":"(anonymous_1)","decl":{"start":{"line":43,"column":17},"end":{"line":43,"column":18}},"loc":{"start":{"line":43,"column":23},"end":{"line":46,"column":1}},"line":43}},"branchMap":{"0":{"loc":{"start":{"line":26,"column":2},"end":{"line":28,"column":3}},"type":"if","locations":[{"start":{"line":26,"column":2},"end":{"line":28,"column":3}},{"start":{},"end":{}}],"line":26}},"s":{"0":1,"1":1,"2":1,"3":1,"4":1,"5":1,"6":6,"7":6,"8":3,"9":3,"10":1,"11":1,"12":1,"13":1,"14":1,"15":1,"16":1,"17":1,"18":1,"19":1,"20":1},"f":{"0":6,"1":1},"b":{"0":[3,3]},"_coverageSchema":"1a1c01bbd47fc00a2c39e90264f33305004495a9","hash":"f788681155a6d4d04a8440e78b8cbb6e0e517406"}
,"/home/sac/Downloads/programming4/homework/project_capstone_progra4/controllers/cardController.js": {"path":"/home/sac/Downloads/programming4/homework/project_capstone_progra4/controllers/cardController.js","statementMap":{"0":{"start":{"line":4,"column":21},"end":{"line":4,"column":29}},"1":{"start":{"line":5,"column":4},"end":{"line":5,"column":108}},"2":{"start":{"line":5,"column":36},"end":{"line":5,"column":108}},"3":{"start":{"line":6,"column":4},"end":{"line":11,"column":5}},"4":{"start":{"line":7,"column":28},"end":{"line":7,"column":66}},"5":{"start":{"line":8,"column":8},"end":{"line":8,"column":49}},"6":{"start":{"line":10,"column":8},"end":{"line":10,"column":20}},"7":{"start":{"line":15,"column":4},"end":{"line":20,"column":5}},"8":{"start":{"line":16,"column":30},"end":{"line":16,"column":61}},"9":{"start":{"line":17,"column":8},"end":{"line":17,"column":50}},"10":{"start":{"line":19,"column":8},"end":{"line":19,"column":20}},"11":{"start":{"line":24,"column":15},"end":{"line":24,"column":28}},"12":{"start":{"line":25,"column":4},"end":{"line":30,"column":5}},"13":{"start":{"line":26,"column":29},"end":{"line":26,"column":62}},"14":{"start":{"line":27,"column":8},"end":{"line":27,"column":50}},"15":{"start":{"line":29,"column":8},"end":{"line":29,"column":20}},"16":{"start":{"line":34,"column":24},"end":{"line":34,"column":32}},"17":{"start":{"line":35,"column":15},"end":{"line":35,"column":28}},"18":{"start":{"line":36,"column":4},"end":{"line":36,"column":111}},"19":{"start":{"line":36,"column":39},"end":{"line":36,"column":111}},"20":{"start":{"line":37,"column":4},"end":{"line":42,"column":5}},"21":{"start":{"line":38,"column":28},"end":{"line":38,"column":72}},"22":{"start":{"line":39,"column":8},"end":{"line":39,"column":49}},"23":{"start":{"line":41,"column":8},"end":{"line":41,"column":20}},"24":{"start":{"line":46,"column":15},"end":{"line":46,"column":28}},"25":{"start":{"line":47,"column":4},"end":{"line":52,"column":5}},"26":{"start":{"line":48,"column":8},"end":{"line":48,"column":41}},"27":{"start":{"line":49,"column":8},"end":{"line":49,"column":38}},"28":{"start":{"line":51,"column":8},"end":{"line":51,"column":20}},"29":{"start":{"line":57,"column":21},"end":{"line":57,"column":29}},"30":{"start":{"line":58,"column":15},"end":{"line":58,"column":28}},"31":{"start":{"line":59,"column":4},"end":{"line":64,"column":5}},"32":{"start":{"line":60,"column":28},"end":{"line":60,"column":69}},"33":{"start":{"line":61,"column":8},"end":{"line":61,"column":49}},"34":{"start":{"line":63,"column":8},"end":{"line":63,"column":20}},"35":{"start":{"line":68,"column":23},"end":{"line":68,"column":31}},"36":{"start":{"line":69,"column":4},"end":{"line":69,"column":80}},"37":{"start":{"line":69,"column":16},"end":{"line":69,"column":80}},"38":{"start":{"line":70,"column":4},"end":{"line":75,"column":5}},"39":{"start":{"line":71,"column":25},"end":{"line":71,"column":61}},"40":{"start":{"line":72,"column":8},"end":{"line":72,"column":46}},"41":{"start":{"line":74,"column":8},"end":{"line":74,"column":20}},"42":{"start":{"line":79,"column":4},"end":{"line":80,"column":57}},"43":{"start":{"line":80,"column":8},"end":{"line":80,"column":55}}},"fnMap":{"0":{"name":"createCard","decl":{"start":{"line":3,"column":22},"end":{"line":3,"column":32}},"loc":{"start":{"line":3,"column":49},"end":{"line":12,"column":1}},"line":3},"1":{"name":"getAllCards","decl":{"start":{"line":14,"column":22},"end":{"line":14,"column":33}},"loc":{"start":{"line":14,"column":50},"end":{"line":21,"column":1}},"line":14},"2":{"name":"getByIdCard","decl":{"start":{"line":23,"column":22},"end":{"line":23,"column":33}},"loc":{"start":{"line":23,"column":50},"end":{"line":31,"column":1}},"line":23},"3":{"name":"updateAllCard","decl":{"start":{"line":33,"column":22},"end":{"line":33,"column":35}},"loc":{"start":{"line":33,"column":51},"end":{"line":43,"column":1}},"line":33},"4":{"name":"deleteById","decl":{"start":{"line":45,"column":22},"end":{"line":45,"column":32}},"loc":{"start":{"line":45,"column":49},"end":{"line":53,"column":1}},"line":45},"5":{"name":"patchCard","decl":{"start":{"line":56,"column":22},"end":{"line":56,"column":31}},"loc":{"start":{"line":56,"column":47},"end":{"line":65,"column":1}},"line":56},"6":{"name":"getTopCard","decl":{"start":{"line":67,"column":22},"end":{"line":67,"column":32}},"loc":{"start":{"line":67,"column":49},"end":{"line":76,"column":1}},"line":67},"7":{"name":"validateInputCard","decl":{"start":{"line":78,"column":9},"end":{"line":78,"column":26}},"loc":{"start":{"line":78,"column":32},"end":{"line":81,"column":1}},"line":78},"8":{"name":"(anonymous_8)","decl":{"start":{"line":79,"column":36},"end":{"line":79,"column":37}},"loc":{"start":{"line":80,"column":8},"end":{"line":80,"column":55}},"line":80}},"branchMap":{"0":{"loc":{"start":{"line":5,"column":4},"end":{"line":5,"column":108}},"type":"if","locations":[{"start":{"line":5,"column":4},"end":{"line":5,"column":108}},{"start":{},"end":{}}],"line":5},"1":{"loc":{"start":{"line":36,"column":4},"end":{"line":36,"column":111}},"type":"if","locations":[{"start":{"line":36,"column":4},"end":{"line":36,"column":111}},{"start":{},"end":{}}],"line":36},"2":{"loc":{"start":{"line":69,"column":4},"end":{"line":69,"column":80}},"type":"if","locations":[{"start":{"line":69,"column":4},"end":{"line":69,"column":80}},{"start":{},"end":{}}],"line":69},"3":{"loc":{"start":{"line":80,"column":8},"end":{"line":80,"column":55}},"type":"binary-expr","locations":[{"start":{"line":80,"column":8},"end":{"line":80,"column":20}},{"start":{"line":80,"column":24},"end":{"line":80,"column":41}},{"start":{"line":80,"column":45},"end":{"line":80,"column":55}}],"line":80}},"s":{"0":3,"1":3,"2":1,"3":2,"4":2,"5":1,"6":1,"7":2,"8":2,"9":1,"10":1,"11":2,"12":2,"13":2,"14":1,"15":1,"16":3,"17":3,"18":3,"19":1,"20":2,"21":2,"22":1,"23":1,"24":2,"25":2,"26":2,"27":1,"28":1,"29":2,"30":2,"31":2,"32":2,"33":1,"34":1,"35":3,"36":3,"37":1,"38":2,"39":2,"40":1,"41":1,"42":6,"43":10},"f":{"0":3,"1":2,"2":2,"3":3,"4":2,"5":2,"6":3,"7":6,"8":10},"b":{"0":[1,2],"1":[1,2],"2":[1,2],"3":[10,10,10]},"_coverageSchema":"1a1c01bbd47fc00a2c39e90264f33305004495a9","hash":"9cd2fb1b7fec72ea6f02e3d4c45531d1344ab64d"}
,"/home/sac/Downloads/programming4/homework/project_capstone_progra4/controllers/gameController.js": {"path":"/home/sac/Downloads/programming4/homework/project_capstone_progra4/controllers/gameController.js","statementMap":{"0":{"start":{"line":6,"column":21},"end":{"line":6,"column":29}},"1":{"start":{"line":7,"column":17},"end":{"line":7,"column":34}},"2":{"start":{"line":8,"column":4},"end":{"line":8,"column":108}},"3":{"start":{"line":8,"column":36},"end":{"line":8,"column":108}},"4":{"start":{"line":9,"column":4},"end":{"line":16,"column":5}},"5":{"start":{"line":10,"column":28},"end":{"line":10,"column":72}},"6":{"start":{"line":11,"column":23},"end":{"line":11,"column":42}},"7":{"start":{"line":12,"column":8},"end":{"line":12,"column":51}},"8":{"start":{"line":13,"column":8},"end":{"line":13,"column":49}},"9":{"start":{"line":15,"column":8},"end":{"line":15,"column":20}},"10":{"start":{"line":20,"column":4},"end":{"line":25,"column":5}},"11":{"start":{"line":21,"column":30},"end":{"line":21,"column":61}},"12":{"start":{"line":22,"column":8},"end":{"line":22,"column":50}},"13":{"start":{"line":24,"column":8},"end":{"line":24,"column":20}},"14":{"start":{"line":29,"column":15},"end":{"line":29,"column":28}},"15":{"start":{"line":30,"column":4},"end":{"line":35,"column":5}},"16":{"start":{"line":31,"column":29},"end":{"line":31,"column":58}},"17":{"start":{"line":32,"column":8},"end":{"line":32,"column":50}},"18":{"start":{"line":34,"column":8},"end":{"line":34,"column":20}},"19":{"start":{"line":39,"column":24},"end":{"line":39,"column":32}},"20":{"start":{"line":40,"column":15},"end":{"line":40,"column":28}},"21":{"start":{"line":41,"column":4},"end":{"line":41,"column":111}},"22":{"start":{"line":41,"column":39},"end":{"line":41,"column":111}},"23":{"start":{"line":42,"column":4},"end":{"line":47,"column":5}},"24":{"start":{"line":43,"column":28},"end":{"line":43,"column":76}},"25":{"start":{"line":44,"column":8},"end":{"line":44,"column":49}},"26":{"start":{"line":46,"column":8},"end":{"line":46,"column":20}},"27":{"start":{"line":51,"column":15},"end":{"line":51,"column":28}},"28":{"start":{"line":52,"column":4},"end":{"line":57,"column":5}},"29":{"start":{"line":53,"column":8},"end":{"line":53,"column":41}},"30":{"start":{"line":54,"column":8},"end":{"line":54,"column":38}},"31":{"start":{"line":56,"column":8},"end":{"line":56,"column":20}},"32":{"start":{"line":62,"column":21},"end":{"line":62,"column":29}},"33":{"start":{"line":63,"column":15},"end":{"line":63,"column":28}},"34":{"start":{"line":64,"column":4},"end":{"line":69,"column":5}},"35":{"start":{"line":65,"column":29},"end":{"line":65,"column":70}},"36":{"start":{"line":66,"column":8},"end":{"line":66,"column":50}},"37":{"start":{"line":68,"column":8},"end":{"line":68,"column":20}},"38":{"start":{"line":73,"column":21},"end":{"line":73,"column":38}},"39":{"start":{"line":74,"column":23},"end":{"line":74,"column":31}},"40":{"start":{"line":75,"column":4},"end":{"line":75,"column":81}},"41":{"start":{"line":75,"column":17},"end":{"line":75,"column":81}},"42":{"start":{"line":76,"column":4},"end":{"line":82,"column":5}},"43":{"start":{"line":77,"column":25},"end":{"line":77,"column":70}},"44":{"start":{"line":78,"column":8},"end":{"line":78,"column":58}},"45":{"start":{"line":79,"column":8},"end":{"line":79,"column":46}},"46":{"start":{"line":81,"column":8},"end":{"line":81,"column":20}},"47":{"start":{"line":86,"column":21},"end":{"line":86,"column":38}},"48":{"start":{"line":87,"column":23},"end":{"line":87,"column":31}},"49":{"start":{"line":88,"column":4},"end":{"line":88,"column":81}},"50":{"start":{"line":88,"column":17},"end":{"line":88,"column":81}},"51":{"start":{"line":89,"column":4},"end":{"line":95,"column":5}},"52":{"start":{"line":90,"column":25},"end":{"line":90,"column":68}},"53":{"start":{"line":91,"column":8},"end":{"line":91,"column":58}},"54":{"start":{"line":92,"column":8},"end":{"line":92,"column":46}},"55":{"start":{"line":94,"column":8},"end":{"line":94,"column":20}},"56":{"start":{"line":99,"column":23},"end":{"line":99,"column":31}},"57":{"start":{"line":100,"column":4},"end":{"line":100,"column":80}},"58":{"start":{"line":100,"column":16},"end":{"line":100,"column":80}},"59":{"start":{"line":101,"column":4},"end":{"line":106,"column":5}},"60":{"start":{"line":102,"column":25},"end":{"line":102,"column":64}},"61":{"start":{"line":103,"column":8},"end":{"line":103,"column":46}},"62":{"start":{"line":105,"column":8},"end":{"line":105,"column":20}},"63":{"start":{"line":110,"column":23},"end":{"line":110,"column":31}},"64":{"start":{"line":111,"column":4},"end":{"line":111,"column":80}},"65":{"start":{"line":111,"column":16},"end":{"line":111,"column":80}},"66":{"start":{"line":112,"column":4},"end":{"line":118,"column":5}},"67":{"start":{"line":113,"column":8},"end":{"line":113,"column":28}},"68":{"start":{"line":114,"column":25},"end":{"line":114,"column":67}},"69":{"start":{"line":115,"column":8},"end":{"line":115,"column":46}},"70":{"start":{"line":117,"column":8},"end":{"line":117,"column":20}},"71":{"start":{"line":122,"column":4},"end":{"line":123,"column":57}},"72":{"start":{"line":123,"column":8},"end":{"line":123,"column":55}}},"fnMap":{"0":{"name":"createGame","decl":{"start":{"line":5,"column":22},"end":{"line":5,"column":32}},"loc":{"start":{"line":5,"column":49},"end":{"line":17,"column":1}},"line":5},"1":{"name":"getAllGames","decl":{"start":{"line":19,"column":22},"end":{"line":19,"column":33}},"loc":{"start":{"line":19,"column":50},"end":{"line":26,"column":1}},"line":19},"2":{"name":"getById","decl":{"start":{"line":28,"column":22},"end":{"line":28,"column":29}},"loc":{"start":{"line":28,"column":46},"end":{"line":36,"column":1}},"line":28},"3":{"name":"updateAllGame","decl":{"start":{"line":38,"column":22},"end":{"line":38,"column":35}},"loc":{"start":{"line":38,"column":51},"end":{"line":48,"column":1}},"line":38},"4":{"name":"deleteById","decl":{"start":{"line":50,"column":22},"end":{"line":50,"column":32}},"loc":{"start":{"line":50,"column":49},"end":{"line":58,"column":1}},"line":50},"5":{"name":"patchGame","decl":{"start":{"line":61,"column":22},"end":{"line":61,"column":31}},"loc":{"start":{"line":61,"column":47},"end":{"line":70,"column":1}},"line":61},"6":{"name":"startGame","decl":{"start":{"line":72,"column":22},"end":{"line":72,"column":31}},"loc":{"start":{"line":72,"column":48},"end":{"line":83,"column":1}},"line":72},"7":{"name":"endGame","decl":{"start":{"line":85,"column":22},"end":{"line":85,"column":29}},"loc":{"start":{"line":85,"column":46},"end":{"line":96,"column":1}},"line":85},"8":{"name":"getStatusGame","decl":{"start":{"line":98,"column":22},"end":{"line":98,"column":35}},"loc":{"start":{"line":98,"column":52},"end":{"line":107,"column":1}},"line":98},"9":{"name":"currentPlayer","decl":{"start":{"line":109,"column":22},"end":{"line":109,"column":35}},"loc":{"start":{"line":109,"column":52},"end":{"line":119,"column":1}},"line":109},"10":{"name":"validateInputGame","decl":{"start":{"line":121,"column":9},"end":{"line":121,"column":26}},"loc":{"start":{"line":121,"column":32},"end":{"line":124,"column":1}},"line":121},"11":{"name":"(anonymous_11)","decl":{"start":{"line":122,"column":36},"end":{"line":122,"column":37}},"loc":{"start":{"line":123,"column":8},"end":{"line":123,"column":55}},"line":123}},"branchMap":{"0":{"loc":{"start":{"line":8,"column":4},"end":{"line":8,"column":108}},"type":"if","locations":[{"start":{"line":8,"column":4},"end":{"line":8,"column":108}},{"start":{},"end":{}}],"line":8},"1":{"loc":{"start":{"line":41,"column":4},"end":{"line":41,"column":111}},"type":"if","locations":[{"start":{"line":41,"column":4},"end":{"line":41,"column":111}},{"start":{},"end":{}}],"line":41},"2":{"loc":{"start":{"line":75,"column":4},"end":{"line":75,"column":81}},"type":"if","locations":[{"start":{"line":75,"column":4},"end":{"line":75,"column":81}},{"start":{},"end":{}}],"line":75},"3":{"loc":{"start":{"line":88,"column":4},"end":{"line":88,"column":81}},"type":"if","locations":[{"start":{"line":88,"column":4},"end":{"line":88,"column":81}},{"start":{},"end":{}}],"line":88},"4":{"loc":{"start":{"line":100,"column":4},"end":{"line":100,"column":80}},"type":"if","locations":[{"start":{"line":100,"column":4},"end":{"line":100,"column":80}},{"start":{},"end":{}}],"line":100},"5":{"loc":{"start":{"line":111,"column":4},"end":{"line":111,"column":80}},"type":"if","locations":[{"start":{"line":111,"column":4},"end":{"line":111,"column":80}},{"start":{},"end":{}}],"line":111},"6":{"loc":{"start":{"line":123,"column":8},"end":{"line":123,"column":55}},"type":"binary-expr","locations":[{"start":{"line":123,"column":8},"end":{"line":123,"column":20}},{"start":{"line":123,"column":24},"end":{"line":123,"column":41}},{"start":{"line":123,"column":45},"end":{"line":123,"column":55}}],"line":123}},"s":{"0":3,"1":3,"2":3,"3":1,"4":2,"5":2,"6":1,"7":1,"8":1,"9":1,"10":2,"11":2,"12":1,"13":1,"14":2,"15":2,"16":2,"17":1,"18":1,"19":3,"20":3,"21":3,"22":1,"23":2,"24":2,"25":1,"26":1,"27":2,"28":2,"29":2,"30":1,"31":1,"32":0,"33":0,"34":0,"35":0,"36":0,"37":0,"38":3,"39":3,"40":3,"41":1,"42":2,"43":2,"44":1,"45":1,"46":1,"47":3,"48":3,"49":3,"50":1,"51":2,"52":2,"53":1,"54":1,"55":1,"56":3,"57":3,"58":1,"59":2,"60":2,"61":1,"62":1,"63":3,"64":3,"65":1,"66":2,"67":2,"68":2,"69":1,"70":1,"71":6,"72":10},"f":{"0":3,"1":2,"2":2,"3":3,"4":2,"5":0,"6":3,"7":3,"8":3,"9":3,"10":6,"11":10},"b":{"0":[1,2],"1":[1,2],"2":[1,2],"3":[1,2],"4":[1,2],"5":[1,2],"6":[10,10,10]},"_coverageSchema":"1a1c01bbd47fc00a2c39e90264f33305004495a9","hash":"bda343b1e193a827091fcdbaeee3811bd3a31ae8"}
,"/home/sac/Downloads/programming4/homework/project_capstone_progra4/controllers/loginController.js": {"path":"/home/sac/Downloads/programming4/homework/project_capstone_progra4/controllers/loginController.js","statementMap":{"0":{"start":{"line":4,"column":19},"end":{"line":4,"column":27}},"1":{"start":{"line":5,"column":2},"end":{"line":15,"column":3}},"2":{"start":{"line":6,"column":19},"end":{"line":6,"column":57}},"3":{"start":{"line":7,"column":4},"end":{"line":12,"column":5}},"4":{"start":{"line":8,"column":6},"end":{"line":8,"column":42}},"5":{"start":{"line":10,"column":20},"end":{"line":10,"column":37}},"6":{"start":{"line":11,"column":6},"end":{"line":11,"column":80}},"7":{"start":{"line":14,"column":4},"end":{"line":14,"column":16}},"8":{"start":{"line":19,"column":16},"end":{"line":19,"column":40}},"9":{"start":{"line":20,"column":2},"end":{"line":25,"column":3}},"10":{"start":{"line":21,"column":19},"end":{"line":21,"column":55}},"11":{"start":{"line":22,"column":4},"end":{"line":22,"column":40}},"12":{"start":{"line":24,"column":4},"end":{"line":24,"column":16}}},"fnMap":{"0":{"name":"login","decl":{"start":{"line":3,"column":22},"end":{"line":3,"column":27}},"loc":{"start":{"line":3,"column":44},"end":{"line":16,"column":1}},"line":3},"1":{"name":"logout","decl":{"start":{"line":18,"column":22},"end":{"line":18,"column":28}},"loc":{"start":{"line":18,"column":45},"end":{"line":26,"column":1}},"line":18}},"branchMap":{"0":{"loc":{"start":{"line":7,"column":4},"end":{"line":12,"column":5}},"type":"if","locations":[{"start":{"line":7,"column":4},"end":{"line":12,"column":5}},{"start":{"line":9,"column":11},"end":{"line":12,"column":5}}],"line":7},"1":{"loc":{"start":{"line":11,"column":24},"end":{"line":11,"column":47}},"type":"binary-expr","locations":[{"start":{"line":11,"column":24},"end":{"line":11,"column":40}},{"start":{"line":11,"column":44},"end":{"line":11,"column":47}}],"line":11}},"s":{"0":4,"1":4,"2":4,"3":3,"4":2,"5":1,"6":1,"7":1,"8":2,"9":2,"10":2,"11":1,"12":1},"f":{"0":4,"1":2},"b":{"0":[2,1],"1":[1,0]},"_coverageSchema":"1a1c01bbd47fc00a2c39e90264f33305004495a9","hash":"02f818d7d4e1a4ce4b0da8b2094e3b176c9279d2"}
,"/home/sac/Downloads/programming4/homework/project_capstone_progra4/controllers/matchController.js": {"path":"/home/sac/Downloads/programming4/homework/project_capstone_progra4/controllers/matchController.js","statementMap":{"0":{"start":{"line":4,"column":21},"end":{"line":4,"column":38}},"1":{"start":{"line":5,"column":23},"end":{"line":5,"column":31}},"2":{"start":{"line":7,"column":4},"end":{"line":7,"column":81}},"3":{"start":{"line":7,"column":17},"end":{"line":7,"column":81}},"4":{"start":{"line":9,"column":4},"end":{"line":14,"column":5}},"5":{"start":{"line":10,"column":26},"end":{"line":10,"column":76}},"6":{"start":{"line":11,"column":8},"end":{"line":11,"column":46}},"7":{"start":{"line":13,"column":8},"end":{"line":13,"column":20}},"8":{"start":{"line":18,"column":21},"end":{"line":18,"column":38}},"9":{"start":{"line":19,"column":23},"end":{"line":19,"column":31}},"10":{"start":{"line":20,"column":4},"end":{"line":20,"column":81}},"11":{"start":{"line":20,"column":17},"end":{"line":20,"column":81}},"12":{"start":{"line":21,"column":4},"end":{"line":26,"column":5}},"13":{"start":{"line":22,"column":25},"end":{"line":22,"column":74}},"14":{"start":{"line":23,"column":8},"end":{"line":23,"column":46}},"15":{"start":{"line":25,"column":8},"end":{"line":25,"column":20}},"16":{"start":{"line":30,"column":4},"end":{"line":30,"column":81}},"17":{"start":{"line":30,"column":17},"end":{"line":30,"column":81}},"18":{"start":{"line":31,"column":4},"end":{"line":35,"column":5}},"19":{"start":{"line":32,"column":8},"end":{"line":32,"column":64}},"20":{"start":{"line":34,"column":8},"end":{"line":34,"column":20}},"21":{"start":{"line":39,"column":21},"end":{"line":39,"column":38}},"22":{"start":{"line":40,"column":23},"end":{"line":40,"column":31}},"23":{"start":{"line":41,"column":4},"end":{"line":41,"column":81}},"24":{"start":{"line":41,"column":17},"end":{"line":41,"column":81}},"25":{"start":{"line":42,"column":4},"end":{"line":47,"column":5}},"26":{"start":{"line":43,"column":25},"end":{"line":43,"column":77}},"27":{"start":{"line":44,"column":8},"end":{"line":44,"column":46}},"28":{"start":{"line":46,"column":8},"end":{"line":46,"column":20}},"29":{"start":{"line":51,"column":4},"end":{"line":51,"column":81}},"30":{"start":{"line":51,"column":17},"end":{"line":51,"column":81}},"31":{"start":{"line":52,"column":4},"end":{"line":56,"column":5}},"32":{"start":{"line":53,"column":8},"end":{"line":53,"column":53}},"33":{"start":{"line":55,"column":8},"end":{"line":55,"column":20}},"34":{"start":{"line":60,"column":23},"end":{"line":60,"column":31}},"35":{"start":{"line":61,"column":4},"end":{"line":61,"column":81}},"36":{"start":{"line":61,"column":17},"end":{"line":61,"column":81}},"37":{"start":{"line":62,"column":4},"end":{"line":67,"column":5}},"38":{"start":{"line":63,"column":23},"end":{"line":63,"column":60}},"39":{"start":{"line":64,"column":8},"end":{"line":64,"column":44}},"40":{"start":{"line":66,"column":8},"end":{"line":66,"column":20}}},"fnMap":{"0":{"name":"saveMatch","decl":{"start":{"line":3,"column":22},"end":{"line":3,"column":31}},"loc":{"start":{"line":3,"column":48},"end":{"line":15,"column":1}},"line":3},"1":{"name":"changeStatusUser","decl":{"start":{"line":17,"column":22},"end":{"line":17,"column":38}},"loc":{"start":{"line":17,"column":54},"end":{"line":27,"column":1}},"line":17},"2":{"name":"startGame","decl":{"start":{"line":29,"column":22},"end":{"line":29,"column":31}},"loc":{"start":{"line":29,"column":55},"end":{"line":36,"column":1}},"line":29},"3":{"name":"abandonmentGame","decl":{"start":{"line":38,"column":22},"end":{"line":38,"column":37}},"loc":{"start":{"line":38,"column":53},"end":{"line":48,"column":1}},"line":38},"4":{"name":"endedGame","decl":{"start":{"line":50,"column":22},"end":{"line":50,"column":31}},"loc":{"start":{"line":50,"column":55},"end":{"line":57,"column":1}},"line":50},"5":{"name":"getPlayerInGame","decl":{"start":{"line":59,"column":22},"end":{"line":59,"column":37}},"loc":{"start":{"line":59,"column":54},"end":{"line":69,"column":1}},"line":59}},"branchMap":{"0":{"loc":{"start":{"line":7,"column":4},"end":{"line":7,"column":81}},"type":"if","locations":[{"start":{"line":7,"column":4},"end":{"line":7,"column":81}},{"start":{},"end":{}}],"line":7},"1":{"loc":{"start":{"line":20,"column":4},"end":{"line":20,"column":81}},"type":"if","locations":[{"start":{"line":20,"column":4},"end":{"line":20,"column":81}},{"start":{},"end":{}}],"line":20},"2":{"loc":{"start":{"line":30,"column":4},"end":{"line":30,"column":81}},"type":"if","locations":[{"start":{"line":30,"column":4},"end":{"line":30,"column":81}},{"start":{},"end":{}}],"line":30},"3":{"loc":{"start":{"line":41,"column":4},"end":{"line":41,"column":81}},"type":"if","locations":[{"start":{"line":41,"column":4},"end":{"line":41,"column":81}},{"start":{},"end":{}}],"line":41},"4":{"loc":{"start":{"line":51,"column":4},"end":{"line":51,"column":81}},"type":"if","locations":[{"start":{"line":51,"column":4},"end":{"line":51,"column":81}},{"start":{},"end":{}}],"line":51},"5":{"loc":{"start":{"line":61,"column":4},"end":{"line":61,"column":81}},"type":"if","locations":[{"start":{"line":61,"column":4},"end":{"line":61,"column":81}},{"start":{},"end":{}}],"line":61}},"s":{"0":3,"1":3,"2":3,"3":1,"4":2,"5":2,"6":1,"7":1,"8":3,"9":3,"10":3,"11":1,"12":2,"13":2,"14":1,"15":1,"16":2,"17":0,"18":2,"19":2,"20":1,"21":3,"22":3,"23":3,"24":1,"25":2,"26":2,"27":1,"28":1,"29":2,"30":0,"31":2,"32":2,"33":1,"34":3,"35":3,"36":1,"37":2,"38":2,"39":1,"40":1},"f":{"0":3,"1":3,"2":2,"3":3,"4":2,"5":3},"b":{"0":[1,2],"1":[1,2],"2":[0,2],"3":[1,2],"4":[0,2],"5":[1,2]},"_coverageSchema":"1a1c01bbd47fc00a2c39e90264f33305004495a9","hash":"3b0471b996cb6bb34d7e4aa77a1c15fe545c609b"}
,"/home/sac/Downloads/programming4/homework/project_capstone_progra4/controllers/playerController.js": {"path":"/home/sac/Downloads/programming4/homework/project_capstone_progra4/controllers/playerController.js","statementMap":{"0":{"start":{"line":4,"column":23},"end":{"line":4,"column":31}},"1":{"start":{"line":5,"column":4},"end":{"line":6,"column":79}},"2":{"start":{"line":6,"column":8},"end":{"line":6,"column":79}},"3":{"start":{"line":7,"column":4},"end":{"line":12,"column":5}},"4":{"start":{"line":8,"column":30},"end":{"line":8,"column":72}},"5":{"start":{"line":9,"column":8},"end":{"line":9,"column":51}},"6":{"start":{"line":11,"column":8},"end":{"line":11,"column":20}},"7":{"start":{"line":16,"column":4},"end":{"line":21,"column":5}},"8":{"start":{"line":17,"column":27},"end":{"line":17,"column":59}},"9":{"start":{"line":18,"column":8},"end":{"line":18,"column":48}},"10":{"start":{"line":20,"column":8},"end":{"line":20,"column":20}},"11":{"start":{"line":25,"column":4},"end":{"line":31,"column":5}},"12":{"start":{"line":26,"column":19},"end":{"line":26,"column":32}},"13":{"start":{"line":27,"column":30},"end":{"line":27,"column":67}},"14":{"start":{"line":28,"column":8},"end":{"line":28,"column":51}},"15":{"start":{"line":30,"column":8},"end":{"line":30,"column":20}},"16":{"start":{"line":35,"column":23},"end":{"line":35,"column":31}},"17":{"start":{"line":36,"column":15},"end":{"line":36,"column":28}},"18":{"start":{"line":37,"column":4},"end":{"line":38,"column":79}},"19":{"start":{"line":38,"column":8},"end":{"line":38,"column":79}},"20":{"start":{"line":39,"column":4},"end":{"line":44,"column":5}},"21":{"start":{"line":40,"column":30},"end":{"line":40,"column":82}},"22":{"start":{"line":41,"column":8},"end":{"line":41,"column":51}},"23":{"start":{"line":43,"column":8},"end":{"line":43,"column":20}},"24":{"start":{"line":48,"column":15},"end":{"line":48,"column":28}},"25":{"start":{"line":49,"column":4},"end":{"line":54,"column":5}},"26":{"start":{"line":50,"column":8},"end":{"line":50,"column":45}},"27":{"start":{"line":51,"column":8},"end":{"line":51,"column":31}},"28":{"start":{"line":53,"column":8},"end":{"line":53,"column":20}},"29":{"start":{"line":59,"column":29},"end":{"line":59,"column":37}},"30":{"start":{"line":60,"column":15},"end":{"line":60,"column":28}},"31":{"start":{"line":61,"column":4},"end":{"line":66,"column":5}},"32":{"start":{"line":62,"column":37},"end":{"line":62,"column":90}},"33":{"start":{"line":63,"column":8},"end":{"line":63,"column":58}},"34":{"start":{"line":65,"column":8},"end":{"line":65,"column":20}},"35":{"start":{"line":70,"column":21},"end":{"line":70,"column":38}},"36":{"start":{"line":71,"column":4},"end":{"line":71,"column":48}},"37":{"start":{"line":72,"column":4},"end":{"line":72,"column":84}},"38":{"start":{"line":72,"column":18},"end":{"line":72,"column":84}},"39":{"start":{"line":73,"column":4},"end":{"line":78,"column":5}},"40":{"start":{"line":74,"column":23},"end":{"line":74,"column":67}},"41":{"start":{"line":75,"column":8},"end":{"line":75,"column":44}},"42":{"start":{"line":77,"column":8},"end":{"line":77,"column":20}},"43":{"start":{"line":82,"column":4},"end":{"line":82,"column":60}},"44":{"start":{"line":82,"column":48},"end":{"line":82,"column":60}},"45":{"start":{"line":83,"column":4},"end":{"line":84,"column":57}},"46":{"start":{"line":84,"column":8},"end":{"line":84,"column":55}}},"fnMap":{"0":{"name":"createPlayer","decl":{"start":{"line":3,"column":22},"end":{"line":3,"column":34}},"loc":{"start":{"line":3,"column":50},"end":{"line":13,"column":1}},"line":3},"1":{"name":"getPlayers","decl":{"start":{"line":15,"column":22},"end":{"line":15,"column":32}},"loc":{"start":{"line":15,"column":48},"end":{"line":22,"column":1}},"line":15},"2":{"name":"getByIdPlayer","decl":{"start":{"line":24,"column":22},"end":{"line":24,"column":35}},"loc":{"start":{"line":24,"column":51},"end":{"line":32,"column":1}},"line":24},"3":{"name":"updateFullPlayer","decl":{"start":{"line":34,"column":22},"end":{"line":34,"column":38}},"loc":{"start":{"line":34,"column":54},"end":{"line":45,"column":1}},"line":34},"4":{"name":"deletePlayer","decl":{"start":{"line":47,"column":22},"end":{"line":47,"column":34}},"loc":{"start":{"line":47,"column":50},"end":{"line":55,"column":1}},"line":47},"5":{"name":"patchPlayer","decl":{"start":{"line":58,"column":22},"end":{"line":58,"column":33}},"loc":{"start":{"line":58,"column":49},"end":{"line":67,"column":1}},"line":58},"6":{"name":"getPlayerByToken","decl":{"start":{"line":69,"column":22},"end":{"line":69,"column":38}},"loc":{"start":{"line":69,"column":54},"end":{"line":79,"column":1}},"line":69},"7":{"name":"validateInputPlayer","decl":{"start":{"line":81,"column":9},"end":{"line":81,"column":28}},"loc":{"start":{"line":81,"column":34},"end":{"line":85,"column":1}},"line":81},"8":{"name":"(anonymous_8)","decl":{"start":{"line":83,"column":36},"end":{"line":83,"column":37}},"loc":{"start":{"line":84,"column":8},"end":{"line":84,"column":55}},"line":84}},"branchMap":{"0":{"loc":{"start":{"line":5,"column":4},"end":{"line":6,"column":79}},"type":"if","locations":[{"start":{"line":5,"column":4},"end":{"line":6,"column":79}},{"start":{},"end":{}}],"line":5},"1":{"loc":{"start":{"line":37,"column":4},"end":{"line":38,"column":79}},"type":"if","locations":[{"start":{"line":37,"column":4},"end":{"line":38,"column":79}},{"start":{},"end":{}}],"line":37},"2":{"loc":{"start":{"line":72,"column":4},"end":{"line":72,"column":84}},"type":"if","locations":[{"start":{"line":72,"column":4},"end":{"line":72,"column":84}},{"start":{},"end":{}}],"line":72},"3":{"loc":{"start":{"line":82,"column":4},"end":{"line":82,"column":60}},"type":"if","locations":[{"start":{"line":82,"column":4},"end":{"line":82,"column":60}},{"start":{},"end":{}}],"line":82},"4":{"loc":{"start":{"line":82,"column":7},"end":{"line":82,"column":46}},"type":"binary-expr","locations":[{"start":{"line":82,"column":7},"end":{"line":82,"column":12}},{"start":{"line":82,"column":16},"end":{"line":82,"column":46}}],"line":82},"5":{"loc":{"start":{"line":84,"column":8},"end":{"line":84,"column":55}},"type":"binary-expr","locations":[{"start":{"line":84,"column":8},"end":{"line":84,"column":20}},{"start":{"line":84,"column":24},"end":{"line":84,"column":41}},{"start":{"line":84,"column":45},"end":{"line":84,"column":55}}],"line":84}},"s":{"0":4,"1":4,"2":1,"3":3,"4":3,"5":2,"6":1,"7":3,"8":3,"9":2,"10":1,"11":3,"12":3,"13":3,"14":2,"15":1,"16":4,"17":4,"18":4,"19":1,"20":3,"21":3,"22":2,"23":1,"24":3,"25":3,"26":3,"27":2,"28":1,"29":1,"30":1,"31":1,"32":1,"33":1,"34":0,"35":2,"36":2,"37":2,"38":1,"39":1,"40":1,"41":1,"42":0,"43":8,"44":2,"45":6,"46":12},"f":{"0":4,"1":3,"2":3,"3":4,"4":3,"5":1,"6":2,"7":8,"8":12},"b":{"0":[1,3],"1":[1,3],"2":[1,1],"3":[2,6],"4":[8,8],"5":[12,12,12]},"_coverageSchema":"1a1c01bbd47fc00a2c39e90264f33305004495a9","hash":"185f17ef3c932bfcceda8c6fe99244035140ba84"}
,"/home/sac/Downloads/programming4/homework/project_capstone_progra4/controllers/scoreController.js": {"path":"/home/sac/Downloads/programming4/homework/project_capstone_progra4/controllers/scoreController.js","statementMap":{"0":{"start":{"line":5,"column":17},"end":{"line":5,"column":25}},"1":{"start":{"line":6,"column":4},"end":{"line":6,"column":105}},"2":{"start":{"line":6,"column":33},"end":{"line":6,"column":105}},"3":{"start":{"line":7,"column":4},"end":{"line":12,"column":5}},"4":{"start":{"line":8,"column":27},"end":{"line":8,"column":61}},"5":{"start":{"line":9,"column":8},"end":{"line":9,"column":48}},"6":{"start":{"line":11,"column":8},"end":{"line":11,"column":20}},"7":{"start":{"line":16,"column":4},"end":{"line":21,"column":5}},"8":{"start":{"line":17,"column":25},"end":{"line":17,"column":57}},"9":{"start":{"line":18,"column":8},"end":{"line":18,"column":46}},"10":{"start":{"line":20,"column":8},"end":{"line":20,"column":20}},"11":{"start":{"line":25,"column":15},"end":{"line":25,"column":28}},"12":{"start":{"line":26,"column":4},"end":{"line":31,"column":5}},"13":{"start":{"line":27,"column":29},"end":{"line":27,"column":59}},"14":{"start":{"line":28,"column":8},"end":{"line":28,"column":50}},"15":{"start":{"line":30,"column":8},"end":{"line":30,"column":20}},"16":{"start":{"line":35,"column":25},"end":{"line":35,"column":33}},"17":{"start":{"line":36,"column":4},"end":{"line":36,"column":112}},"18":{"start":{"line":36,"column":40},"end":{"line":36,"column":112}},"19":{"start":{"line":37,"column":15},"end":{"line":37,"column":28}},"20":{"start":{"line":38,"column":4},"end":{"line":43,"column":5}},"21":{"start":{"line":39,"column":29},"end":{"line":39,"column":74}},"22":{"start":{"line":40,"column":8},"end":{"line":40,"column":50}},"23":{"start":{"line":42,"column":8},"end":{"line":42,"column":20}},"24":{"start":{"line":47,"column":15},"end":{"line":47,"column":28}},"25":{"start":{"line":48,"column":4},"end":{"line":53,"column":5}},"26":{"start":{"line":49,"column":8},"end":{"line":49,"column":42}},"27":{"start":{"line":50,"column":8},"end":{"line":50,"column":38}},"28":{"start":{"line":52,"column":8},"end":{"line":52,"column":20}},"29":{"start":{"line":57,"column":20},"end":{"line":57,"column":28}},"30":{"start":{"line":58,"column":16},"end":{"line":58,"column":29}},"31":{"start":{"line":59,"column":4},"end":{"line":64,"column":5}},"32":{"start":{"line":60,"column":32},"end":{"line":60,"column":74}},"33":{"start":{"line":61,"column":8},"end":{"line":61,"column":53}},"34":{"start":{"line":63,"column":8},"end":{"line":63,"column":20}},"35":{"start":{"line":68,"column":23},"end":{"line":68,"column":31}},"36":{"start":{"line":69,"column":4},"end":{"line":69,"column":81}},"37":{"start":{"line":69,"column":17},"end":{"line":69,"column":81}},"38":{"start":{"line":70,"column":4},"end":{"line":75,"column":5}},"39":{"start":{"line":71,"column":25},"end":{"line":71,"column":67}},"40":{"start":{"line":72,"column":8},"end":{"line":72,"column":46}},"41":{"start":{"line":74,"column":8},"end":{"line":74,"column":20}},"42":{"start":{"line":79,"column":4},"end":{"line":80,"column":59}},"43":{"start":{"line":80,"column":8},"end":{"line":80,"column":57}}},"fnMap":{"0":{"name":"saveScore","decl":{"start":{"line":4,"column":22},"end":{"line":4,"column":31}},"loc":{"start":{"line":4,"column":47},"end":{"line":13,"column":1}},"line":4},"1":{"name":"getAllScore","decl":{"start":{"line":15,"column":22},"end":{"line":15,"column":33}},"loc":{"start":{"line":15,"column":50},"end":{"line":22,"column":1}},"line":15},"2":{"name":"getById","decl":{"start":{"line":24,"column":22},"end":{"line":24,"column":29}},"loc":{"start":{"line":24,"column":45},"end":{"line":32,"column":1}},"line":24},"3":{"name":"updateAllScore","decl":{"start":{"line":34,"column":22},"end":{"line":34,"column":36}},"loc":{"start":{"line":34,"column":52},"end":{"line":44,"column":1}},"line":34},"4":{"name":"deleteById","decl":{"start":{"line":46,"column":22},"end":{"line":46,"column":32}},"loc":{"start":{"line":46,"column":48},"end":{"line":54,"column":1}},"line":46},"5":{"name":"patchScore","decl":{"start":{"line":56,"column":22},"end":{"line":56,"column":32}},"loc":{"start":{"line":56,"column":48},"end":{"line":65,"column":1}},"line":56},"6":{"name":"getScoreAllPlayer","decl":{"start":{"line":67,"column":22},"end":{"line":67,"column":39}},"loc":{"start":{"line":67,"column":55},"end":{"line":76,"column":1}},"line":67},"7":{"name":"validateInputScore","decl":{"start":{"line":78,"column":9},"end":{"line":78,"column":27}},"loc":{"start":{"line":78,"column":33},"end":{"line":81,"column":1}},"line":78},"8":{"name":"(anonymous_8)","decl":{"start":{"line":79,"column":36},"end":{"line":79,"column":37}},"loc":{"start":{"line":80,"column":8},"end":{"line":80,"column":57}},"line":80}},"branchMap":{"0":{"loc":{"start":{"line":6,"column":4},"end":{"line":6,"column":105}},"type":"if","locations":[{"start":{"line":6,"column":4},"end":{"line":6,"column":105}},{"start":{},"end":{}}],"line":6},"1":{"loc":{"start":{"line":36,"column":4},"end":{"line":36,"column":112}},"type":"if","locations":[{"start":{"line":36,"column":4},"end":{"line":36,"column":112}},{"start":{},"end":{}}],"line":36},"2":{"loc":{"start":{"line":69,"column":4},"end":{"line":69,"column":81}},"type":"if","locations":[{"start":{"line":69,"column":4},"end":{"line":69,"column":81}},{"start":{},"end":{}}],"line":69},"3":{"loc":{"start":{"line":80,"column":8},"end":{"line":80,"column":57}},"type":"binary-expr","locations":[{"start":{"line":80,"column":8},"end":{"line":80,"column":21}},{"start":{"line":80,"column":25},"end":{"line":80,"column":42}},{"start":{"line":80,"column":46},"end":{"line":80,"column":57}}],"line":80}},"s":{"0":2,"1":2,"2":1,"3":1,"4":1,"5":1,"6":0,"7":1,"8":1,"9":1,"10":0,"11":1,"12":1,"13":1,"14":1,"15":0,"16":2,"17":2,"18":1,"19":1,"20":1,"21":1,"22":1,"23":0,"24":1,"25":1,"26":1,"27":1,"28":0,"29":1,"30":1,"31":1,"32":1,"33":1,"34":0,"35":2,"36":2,"37":1,"38":1,"39":1,"40":1,"41":0,"42":4,"43":6},"f":{"0":2,"1":1,"2":1,"3":2,"4":1,"5":1,"6":2,"7":4,"8":6},"b":{"0":[1,1],"1":[1,1],"2":[1,1],"3":[6,6,6]},"_coverageSchema":"1a1c01bbd47fc00a2c39e90264f33305004495a9","hash":"ed78c28bf8ca1322cce0e40a3694d7c82c11b6fb"}
,"/home/sac/Downloads/programming4/homework/project_capstone_progra4/db/db.js": {"path":"/home/sac/Downloads/programming4/homework/project_capstone_progra4/db/db.js","statementMap":{"0":{"start":{"line":4,"column":0},"end":{"line":4,"column":16}},"1":{"start":{"line":6,"column":18},"end":{"line":9,"column":2}}},"fnMap":{},"branchMap":{},"s":{"0":16,"1":16},"f":{},"b":{},"_coverageSchema":"1a1c01bbd47fc00a2c39e90264f33305004495a9","hash":"72c6b64271a5a6e20f4d64bd10c0019f451f1c4d"}
,"/home/sac/Downloads/programming4/homework/project_capstone_progra4/middlewares/middleware.js": {"path":"/home/sac/Downloads/programming4/homework/project_capstone_progra4/middlewares/middleware.js","statementMap":{"0":{"start":{"line":1,"column":28},"end":{"line":8,"column":1}},"1":{"start":{"line":2,"column":2},"end":{"line":2,"column":27}},"2":{"start":{"line":4,"column":21},"end":{"line":4,"column":42}},"3":{"start":{"line":5,"column":18},"end":{"line":5,"column":51}},"4":{"start":{"line":7,"column":2},"end":{"line":7,"column":50}},"5":{"start":{"line":12,"column":31},"end":{"line":14,"column":1}},"6":{"start":{"line":13,"column":2},"end":{"line":13,"column":36}}},"fnMap":{"0":{"name":"(anonymous_0)","decl":{"start":{"line":1,"column":28},"end":{"line":1,"column":29}},"loc":{"start":{"line":1,"column":53},"end":{"line":8,"column":1}},"line":1},"1":{"name":"(anonymous_1)","decl":{"start":{"line":12,"column":31},"end":{"line":12,"column":32}},"loc":{"start":{"line":12,"column":45},"end":{"line":14,"column":1}},"line":12}},"branchMap":{"0":{"loc":{"start":{"line":4,"column":21},"end":{"line":4,"column":42}},"type":"binary-expr","locations":[{"start":{"line":4,"column":21},"end":{"line":4,"column":35}},{"start":{"line":4,"column":39},"end":{"line":4,"column":42}}],"line":4},"1":{"loc":{"start":{"line":5,"column":18},"end":{"line":5,"column":51}},"type":"binary-expr","locations":[{"start":{"line":5,"column":18},"end":{"line":5,"column":29}},{"start":{"line":5,"column":33},"end":{"line":5,"column":51}}],"line":5}},"s":{"0":1,"1":0,"2":0,"3":0,"4":0,"5":1,"6":0},"f":{"0":0,"1":0},"b":{"0":[0,0],"1":[0,0]},"_coverageSchema":"1a1c01bbd47fc00a2c39e90264f33305004495a9","hash":"72caf292e882c4a7cca202617eeedc2278359987"}
,"/home/sac/Downloads/programming4/homework/project_capstone_progra4/middlewares/verifyToken.js": {"path":"/home/sac/Downloads/programming4/homework/project_capstone_progra4/middlewares/verifyToken.js","statementMap":{"0":{"start":{"line":5,"column":24},"end":{"line":5,"column":49}},"1":{"start":{"line":6,"column":4},"end":{"line":8,"column":5}},"2":{"start":{"line":7,"column":8},"end":{"line":7,"column":77}},"3":{"start":{"line":9,"column":18},"end":{"line":9,"column":43}},"4":{"start":{"line":10,"column":4},"end":{"line":12,"column":5}},"5":{"start":{"line":11,"column":8},"end":{"line":11,"column":74}},"6":{"start":{"line":14,"column":4},"end":{"line":20,"column":5}},"7":{"start":{"line":15,"column":23},"end":{"line":15,"column":64}},"8":{"start":{"line":16,"column":8},"end":{"line":16,"column":26}},"9":{"start":{"line":17,"column":8},"end":{"line":17,"column":15}},"10":{"start":{"line":19,"column":8},"end":{"line":19,"column":64}}},"fnMap":{"0":{"name":"verifyToken","decl":{"start":{"line":4,"column":17},"end":{"line":4,"column":28}},"loc":{"start":{"line":4,"column":45},"end":{"line":21,"column":1}},"line":4}},"branchMap":{"0":{"loc":{"start":{"line":6,"column":4},"end":{"line":8,"column":5}},"type":"if","locations":[{"start":{"line":6,"column":4},"end":{"line":8,"column":5}},{"start":{},"end":{}}],"line":6},"1":{"loc":{"start":{"line":10,"column":4},"end":{"line":12,"column":5}},"type":"if","locations":[{"start":{"line":10,"column":4},"end":{"line":12,"column":5}},{"start":{},"end":{}}],"line":10}},"s":{"0":3,"1":3,"2":0,"3":3,"4":3,"5":0,"6":3,"7":3,"8":3,"9":3,"10":0},"f":{"0":3},"b":{"0":[0,3],"1":[0,3]},"_coverageSchema":"1a1c01bbd47fc00a2c39e90264f33305004495a9","hash":"9f75ddacc9d0bf10e3e842910a1fbe2a3d293832"}
,"/home/sac/Downloads/programming4/homework/project_capstone_progra4/models/cards.js": {"path":"/home/sac/Downloads/programming4/homework/project_capstone_progra4/models/cards.js","statementMap":{"0":{"start":{"line":5,"column":13},"end":{"line":32,"column":2}},"1":{"start":{"line":34,"column":0},"end":{"line":34,"column":77}},"2":{"start":{"line":35,"column":0},"end":{"line":35,"column":45}}},"fnMap":{},"branchMap":{},"s":{"0":5,"1":5,"2":5},"f":{},"b":{},"_coverageSchema":"1a1c01bbd47fc00a2c39e90264f33305004495a9","hash":"43ef2a877218ac118e17c672a91974c718a0d411"}
,"/home/sac/Downloads/programming4/homework/project_capstone_progra4/models/games.js": {"path":"/home/sac/Downloads/programming4/homework/project_capstone_progra4/models/games.js","statementMap":{"0":{"start":{"line":5,"column":13},"end":{"line":39,"column":2}},"1":{"start":{"line":41,"column":0},"end":{"line":41,"column":49}},"2":{"start":{"line":42,"column":0},"end":{"line":42,"column":51}},"3":{"start":{"line":44,"column":0},"end":{"line":44,"column":80}},"4":{"start":{"line":45,"column":0},"end":{"line":45,"column":86}}},"fnMap":{},"branchMap":{},"s":{"0":11,"1":11,"2":11,"3":11,"4":11},"f":{},"b":{},"_coverageSchema":"1a1c01bbd47fc00a2c39e90264f33305004495a9","hash":"b357c61fafd8a6e9e8d0afa45ccb4459c5bab36c"}
,"/home/sac/Downloads/programming4/homework/project_capstone_progra4/models/match.js": {"path":"/home/sac/Downloads/programming4/homework/project_capstone_progra4/models/match.js","statementMap":{"0":{"start":{"line":6,"column":14},"end":{"line":28,"column":2}},"1":{"start":{"line":30,"column":0},"end":{"line":30,"column":46}},"2":{"start":{"line":31,"column":0},"end":{"line":31,"column":47}},"3":{"start":{"line":33,"column":0},"end":{"line":33,"column":49}},"4":{"start":{"line":34,"column":0},"end":{"line":34,"column":51}}},"fnMap":{},"branchMap":{},"s":{"0":3,"1":3,"2":3,"3":3,"4":3},"f":{},"b":{},"_coverageSchema":"1a1c01bbd47fc00a2c39e90264f33305004495a9","hash":"ebd81765fcee42630ece67b4a18e93a5fb37e960"}
,"/home/sac/Downloads/programming4/homework/project_capstone_progra4/models/player.js": {"path":"/home/sac/Downloads/programming4/homework/project_capstone_progra4/models/player.js","statementMap":{"0":{"start":{"line":4,"column":15},"end":{"line":32,"column":2}}},"fnMap":{},"branchMap":{},"s":{"0":16},"f":{},"b":{},"_coverageSchema":"1a1c01bbd47fc00a2c39e90264f33305004495a9","hash":"766576c2a1812ddb4ae17a5b330eff2b145d14e4"}
,"/home/sac/Downloads/programming4/homework/project_capstone_progra4/models/score.js": {"path":"/home/sac/Downloads/programming4/homework/project_capstone_progra4/models/score.js","statementMap":{"0":{"start":{"line":7,"column":14},"end":{"line":28,"column":2}},"1":{"start":{"line":30,"column":0},"end":{"line":30,"column":83}},"2":{"start":{"line":31,"column":0},"end":{"line":31,"column":50}},"3":{"start":{"line":33,"column":0},"end":{"line":33,"column":78}},"4":{"start":{"line":34,"column":0},"end":{"line":34,"column":46}}},"fnMap":{},"branchMap":{},"s":{"0":3,"1":3,"2":3,"3":3,"4":3},"f":{},"b":{},"_coverageSchema":"1a1c01bbd47fc00a2c39e90264f33305004495a9","hash":"689e8371cd97c5c0a995eaf7868526983e992455"}
,"/home/sac/Downloads/programming4/homework/project_capstone_progra4/routes/cardRoutes.js": {"path":"/home/sac/Downloads/programming4/homework/project_capstone_progra4/routes/cardRoutes.js","statementMap":{"0":{"start":{"line":5,"column":15},"end":{"line":5,"column":23}},"1":{"start":{"line":7,"column":0},"end":{"line":7,"column":50}},"2":{"start":{"line":8,"column":0},"end":{"line":8,"column":44}},"3":{"start":{"line":9,"column":0},"end":{"line":9,"column":44}},"4":{"start":{"line":10,"column":0},"end":{"line":10,"column":47}},"5":{"start":{"line":11,"column":0},"end":{"line":11,"column":49}},"6":{"start":{"line":12,"column":0},"end":{"line":12,"column":49}},"7":{"start":{"line":13,"column":0},"end":{"line":13,"column":47}}},"fnMap":{},"branchMap":{},"s":{"0":1,"1":1,"2":1,"3":1,"4":1,"5":1,"6":1,"7":1},"f":{},"b":{},"_coverageSchema":"1a1c01bbd47fc00a2c39e90264f33305004495a9","hash":"e0c04506fb06c843295fb9b2b20310164be9644c"}
,"/home/sac/Downloads/programming4/homework/project_capstone_progra4/routes/gameRoutes.js": {"path":"/home/sac/Downloads/programming4/homework/project_capstone_progra4/routes/gameRoutes.js","statementMap":{"0":{"start":{"line":5,"column":15},"end":{"line":5,"column":23}},"1":{"start":{"line":7,"column":0},"end":{"line":7,"column":49}},"2":{"start":{"line":8,"column":0},"end":{"line":8,"column":45}},"3":{"start":{"line":9,"column":0},"end":{"line":9,"column":53}},"4":{"start":{"line":10,"column":0},"end":{"line":10,"column":52}},"5":{"start":{"line":11,"column":0},"end":{"line":11,"column":44}},"6":{"start":{"line":12,"column":0},"end":{"line":12,"column":44}},"7":{"start":{"line":13,"column":0},"end":{"line":13,"column":43}},"8":{"start":{"line":14,"column":0},"end":{"line":14,"column":49}},"9":{"start":{"line":15,"column":0},"end":{"line":15,"column":48}},"10":{"start":{"line":16,"column":0},"end":{"line":16,"column":47}}},"fnMap":{},"branchMap":{},"s":{"0":1,"1":1,"2":1,"3":1,"4":1,"5":1,"6":1,"7":1,"8":1,"9":1,"10":1},"f":{},"b":{},"_coverageSchema":"1a1c01bbd47fc00a2c39e90264f33305004495a9","hash":"f9df0bf210919e607fb76251c63d2ec29c5a447a"}
,"/home/sac/Downloads/programming4/homework/project_capstone_progra4/routes/loginRoutes.js": {"path":"/home/sac/Downloads/programming4/homework/project_capstone_progra4/routes/loginRoutes.js","statementMap":{"0":{"start":{"line":5,"column":15},"end":{"line":5,"column":23}},"1":{"start":{"line":7,"column":0},"end":{"line":7,"column":45}},"2":{"start":{"line":8,"column":0},"end":{"line":8,"column":47}}},"fnMap":{},"branchMap":{},"s":{"0":1,"1":1,"2":1},"f":{},"b":{},"_coverageSchema":"1a1c01bbd47fc00a2c39e90264f33305004495a9","hash":"236ca977f79939233ff9df14161648cdbde84bfa"}
,"/home/sac/Downloads/programming4/homework/project_capstone_progra4/routes/matchRoutes.js": {"path":"/home/sac/Downloads/programming4/homework/project_capstone_progra4/routes/matchRoutes.js","statementMap":{"0":{"start":{"line":4,"column":15},"end":{"line":4,"column":23}},"1":{"start":{"line":6,"column":0},"end":{"line":6,"column":44}},"2":{"start":{"line":7,"column":0},"end":{"line":7,"column":56}},"3":{"start":{"line":8,"column":0},"end":{"line":8,"column":58}},"4":{"start":{"line":9,"column":0},"end":{"line":9,"column":56}}},"fnMap":{},"branchMap":{},"s":{"0":1,"1":1,"2":1,"3":1,"4":1},"f":{},"b":{},"_coverageSchema":"1a1c01bbd47fc00a2c39e90264f33305004495a9","hash":"ec7c4ca66219d9e140dbb5fc7ce65d1e917e71c5"}
,"/home/sac/Downloads/programming4/homework/project_capstone_progra4/routes/playerRoutes.js": {"path":"/home/sac/Downloads/programming4/homework/project_capstone_progra4/routes/playerRoutes.js","statementMap":{"0":{"start":{"line":5,"column":15},"end":{"line":5,"column":23}},"1":{"start":{"line":7,"column":0},"end":{"line":7,"column":56}},"2":{"start":{"line":8,"column":0},"end":{"line":8,"column":48}},"3":{"start":{"line":9,"column":0},"end":{"line":9,"column":45}},"4":{"start":{"line":10,"column":0},"end":{"line":10,"column":51}},"5":{"start":{"line":11,"column":0},"end":{"line":11,"column":54}},"6":{"start":{"line":12,"column":0},"end":{"line":12,"column":53}},"7":{"start":{"line":13,"column":0},"end":{"line":13,"column":51}}},"fnMap":{},"branchMap":{},"s":{"0":1,"1":1,"2":1,"3":1,"4":1,"5":1,"6":1,"7":1},"f":{},"b":{},"_coverageSchema":"1a1c01bbd47fc00a2c39e90264f33305004495a9","hash":"84e80e840540d450d423d69f667711726704122a"}
,"/home/sac/Downloads/programming4/homework/project_capstone_progra4/routes/scoreRoutes.js": {"path":"/home/sac/Downloads/programming4/homework/project_capstone_progra4/routes/scoreRoutes.js","statementMap":{"0":{"start":{"line":5,"column":15},"end":{"line":5,"column":23}},"1":{"start":{"line":7,"column":0},"end":{"line":7,"column":56}},"2":{"start":{"line":8,"column":0},"end":{"line":8,"column":44}},"3":{"start":{"line":9,"column":0},"end":{"line":9,"column":45}},"4":{"start":{"line":10,"column":0},"end":{"line":10,"column":44}},"5":{"start":{"line":11,"column":0},"end":{"line":11,"column":51}},"6":{"start":{"line":12,"column":0},"end":{"line":12,"column":50}},"7":{"start":{"line":13,"column":0},"end":{"line":13,"column":50}}},"fnMap":{},"branchMap":{},"s":{"0":1,"1":1,"2":1,"3":1,"4":1,"5":1,"6":1,"7":1},"f":{},"b":{},"_coverageSchema":"1a1c01bbd47fc00a2c39e90264f33305004495a9","hash":"cd2c1a2692412896217f96186bcc72f7a240f9c4"}
,"/home/sac/Downloads/programming4/homework/project_capstone_progra4/services/cardCreateAuto.js": {"path":"/home/sac/Downloads/programming4/homework/project_capstone_progra4/services/cardCreateAuto.js","statementMap":{"0":{"start":{"line":4,"column":19},"end":{"line":4,"column":53}},"1":{"start":{"line":5,"column":19},"end":{"line":5,"column":97}},"2":{"start":{"line":6,"column":22},"end":{"line":6,"column":44}},"3":{"start":{"line":8,"column":4},"end":{"line":38,"column":5}},"4":{"start":{"line":9,"column":8},"end":{"line":22,"column":9}},"5":{"start":{"line":10,"column":12},"end":{"line":21,"column":13}},"6":{"start":{"line":11,"column":30},"end":{"line":11,"column":51}},"7":{"start":{"line":12,"column":16},"end":{"line":20,"column":17}},"8":{"start":{"line":12,"column":29},"end":{"line":12,"column":30}},"9":{"start":{"line":13,"column":36},"end":{"line":18,"column":21}},"10":{"start":{"line":19,"column":20},"end":{"line":19,"column":47}},"11":{"start":{"line":24,"column":8},"end":{"line":34,"column":9}},"12":{"start":{"line":25,"column":12},"end":{"line":33,"column":13}},"13":{"start":{"line":25,"column":25},"end":{"line":25,"column":26}},"14":{"start":{"line":26,"column":33},"end":{"line":31,"column":17}},"15":{"start":{"line":32,"column":16},"end":{"line":32,"column":44}},"16":{"start":{"line":37,"column":8},"end":{"line":37,"column":66}}},"fnMap":{"0":{"name":"saveCardsAuto","decl":{"start":{"line":3,"column":22},"end":{"line":3,"column":35}},"loc":{"start":{"line":3,"column":40},"end":{"line":39,"column":1}},"line":3}},"branchMap":{"0":{"loc":{"start":{"line":11,"column":30},"end":{"line":11,"column":51}},"type":"cond-expr","locations":[{"start":{"line":11,"column":46},"end":{"line":11,"column":47}},{"start":{"line":11,"column":50},"end":{"line":11,"column":51}}],"line":11}},"s":{"0":2,"1":2,"2":2,"3":2,"4":2,"5":5,"6":53,"7":53,"8":53,"9":101,"10":101,"11":1,"12":2,"13":2,"14":8,"15":8,"16":1},"f":{"0":2},"b":{"0":[5,48]},"_coverageSchema":"1a1c01bbd47fc00a2c39e90264f33305004495a9","hash":"218282074547eaddc8edaf24c9de60c3315da244"}
,"/home/sac/Downloads/programming4/homework/project_capstone_progra4/services/cardService.js": {"path":"/home/sac/Downloads/programming4/homework/project_capstone_progra4/services/cardService.js","statementMap":{"0":{"start":{"line":5,"column":4},"end":{"line":11,"column":5}},"1":{"start":{"line":6,"column":8},"end":{"line":6,"column":33}},"2":{"start":{"line":7,"column":26},"end":{"line":7,"column":49}},"3":{"start":{"line":8,"column":8},"end":{"line":8,"column":25}},"4":{"start":{"line":10,"column":8},"end":{"line":10,"column":63}},"5":{"start":{"line":15,"column":4},"end":{"line":20,"column":5}},"6":{"start":{"line":16,"column":29},"end":{"line":16,"column":49}},"7":{"start":{"line":17,"column":8},"end":{"line":17,"column":28}},"8":{"start":{"line":19,"column":8},"end":{"line":19,"column":65}},"9":{"start":{"line":24,"column":4},"end":{"line":30,"column":5}},"10":{"start":{"line":25,"column":24},"end":{"line":25,"column":47}},"11":{"start":{"line":26,"column":8},"end":{"line":26,"column":78}},"12":{"start":{"line":26,"column":21},"end":{"line":26,"column":78}},"13":{"start":{"line":27,"column":8},"end":{"line":27,"column":23}},"14":{"start":{"line":29,"column":8},"end":{"line":29,"column":66}},"15":{"start":{"line":34,"column":21},"end":{"line":34,"column":44}},"16":{"start":{"line":35,"column":4},"end":{"line":35,"column":69}},"17":{"start":{"line":35,"column":18},"end":{"line":35,"column":69}},"18":{"start":{"line":36,"column":4},"end":{"line":41,"column":5}},"19":{"start":{"line":37,"column":8},"end":{"line":37,"column":41}},"20":{"start":{"line":38,"column":8},"end":{"line":38,"column":37}},"21":{"start":{"line":40,"column":8},"end":{"line":40,"column":63}},"22":{"start":{"line":45,"column":25},"end":{"line":45,"column":48}},"23":{"start":{"line":46,"column":4},"end":{"line":46,"column":73}},"24":{"start":{"line":46,"column":22},"end":{"line":46,"column":73}},"25":{"start":{"line":47,"column":4},"end":{"line":51,"column":5}},"26":{"start":{"line":48,"column":8},"end":{"line":48,"column":37}},"27":{"start":{"line":50,"column":8},"end":{"line":50,"column":63}},"28":{"start":{"line":55,"column":25},"end":{"line":55,"column":48}},"29":{"start":{"line":56,"column":4},"end":{"line":56,"column":73}},"30":{"start":{"line":56,"column":22},"end":{"line":56,"column":73}},"31":{"start":{"line":57,"column":4},"end":{"line":62,"column":5}},"32":{"start":{"line":58,"column":28},"end":{"line":58,"column":56}},"33":{"start":{"line":59,"column":8},"end":{"line":59,"column":27}},"34":{"start":{"line":61,"column":8},"end":{"line":61,"column":63}},"35":{"start":{"line":66,"column":4},"end":{"line":81,"column":5}},"36":{"start":{"line":67,"column":24},"end":{"line":73,"column":10}},"37":{"start":{"line":74,"column":8},"end":{"line":74,"column":74}},"38":{"start":{"line":74,"column":21},"end":{"line":74,"column":74}},"39":{"start":{"line":75,"column":8},"end":{"line":78,"column":9}},"40":{"start":{"line":80,"column":8},"end":{"line":80,"column":64}}},"fnMap":{"0":{"name":"createCard","decl":{"start":{"line":4,"column":22},"end":{"line":4,"column":32}},"loc":{"start":{"line":4,"column":38},"end":{"line":12,"column":1}},"line":4},"1":{"name":"getAllCards","decl":{"start":{"line":14,"column":22},"end":{"line":14,"column":33}},"loc":{"start":{"line":14,"column":36},"end":{"line":21,"column":1}},"line":14},"2":{"name":"getByIdCard","decl":{"start":{"line":23,"column":22},"end":{"line":23,"column":33}},"loc":{"start":{"line":23,"column":38},"end":{"line":31,"column":1}},"line":23},"3":{"name":"updateAll","decl":{"start":{"line":33,"column":22},"end":{"line":33,"column":31}},"loc":{"start":{"line":33,"column":46},"end":{"line":42,"column":1}},"line":33},"4":{"name":"deleteById","decl":{"start":{"line":44,"column":22},"end":{"line":44,"column":32}},"loc":{"start":{"line":44,"column":37},"end":{"line":52,"column":1}},"line":44},"5":{"name":"patchCard","decl":{"start":{"line":54,"column":22},"end":{"line":54,"column":31}},"loc":{"start":{"line":54,"column":45},"end":{"line":63,"column":1}},"line":54},"6":{"name":"getTopCrad","decl":{"start":{"line":65,"column":22},"end":{"line":65,"column":32}},"loc":{"start":{"line":65,"column":36},"end":{"line":82,"column":1}},"line":65}},"branchMap":{"0":{"loc":{"start":{"line":26,"column":8},"end":{"line":26,"column":78}},"type":"if","locations":[{"start":{"line":26,"column":8},"end":{"line":26,"column":78}},{"start":{},"end":{}}],"line":26},"1":{"loc":{"start":{"line":35,"column":4},"end":{"line":35,"column":69}},"type":"if","locations":[{"start":{"line":35,"column":4},"end":{"line":35,"column":69}},{"start":{},"end":{}}],"line":35},"2":{"loc":{"start":{"line":46,"column":4},"end":{"line":46,"column":73}},"type":"if","locations":[{"start":{"line":46,"column":4},"end":{"line":46,"column":73}},{"start":{},"end":{}}],"line":46},"3":{"loc":{"start":{"line":56,"column":4},"end":{"line":56,"column":73}},"type":"if","locations":[{"start":{"line":56,"column":4},"end":{"line":56,"column":73}},{"start":{},"end":{}}],"line":56},"4":{"loc":{"start":{"line":74,"column":8},"end":{"line":74,"column":74}},"type":"if","locations":[{"start":{"line":74,"column":8},"end":{"line":74,"column":74}},{"start":{},"end":{}}],"line":74}},"s":{"0":1,"1":1,"2":1,"3":1,"4":0,"5":2,"6":2,"7":1,"8":1,"9":2,"10":2,"11":2,"12":1,"13":1,"14":1,"15":2,"16":2,"17":1,"18":1,"19":1,"20":1,"21":0,"22":2,"23":2,"24":1,"25":1,"26":1,"27":0,"28":2,"29":2,"30":1,"31":1,"32":1,"33":1,"34":0,"35":3,"36":3,"37":2,"38":1,"39":1,"40":2},"f":{"0":1,"1":2,"2":2,"3":2,"4":2,"5":2,"6":3},"b":{"0":[1,1],"1":[1,1],"2":[1,1],"3":[1,1],"4":[1,1]},"_coverageSchema":"1a1c01bbd47fc00a2c39e90264f33305004495a9","hash":"a6b171aa693e81274e37ea7ce292ec6cd1979fcd"}
,"/home/sac/Downloads/programming4/homework/project_capstone_progra4/services/gameService.js": {"path":"/home/sac/Downloads/programming4/homework/project_capstone_progra4/services/gameService.js","statementMap":{"0":{"start":{"line":5,"column":4},"end":{"line":15,"column":5}},"1":{"start":{"line":6,"column":8},"end":{"line":6,"column":40}},"2":{"start":{"line":7,"column":8},"end":{"line":7,"column":51}},"3":{"start":{"line":8,"column":28},"end":{"line":8,"column":55}},"4":{"start":{"line":9,"column":8},"end":{"line":12,"column":10}},"5":{"start":{"line":14,"column":8},"end":{"line":14,"column":65}},"6":{"start":{"line":19,"column":4},"end":{"line":24,"column":5}},"7":{"start":{"line":20,"column":28},"end":{"line":20,"column":48}},"8":{"start":{"line":21,"column":8},"end":{"line":21,"column":27}},"9":{"start":{"line":23,"column":8},"end":{"line":23,"column":75}},"10":{"start":{"line":28,"column":4},"end":{"line":33,"column":5}},"11":{"start":{"line":29,"column":28},"end":{"line":29,"column":51}},"12":{"start":{"line":30,"column":8},"end":{"line":30,"column":27}},"13":{"start":{"line":32,"column":8},"end":{"line":32,"column":58}},"14":{"start":{"line":37,"column":21},"end":{"line":37,"column":44}},"15":{"start":{"line":38,"column":4},"end":{"line":38,"column":68}},"16":{"start":{"line":38,"column":18},"end":{"line":38,"column":68}},"17":{"start":{"line":39,"column":4},"end":{"line":44,"column":5}},"18":{"start":{"line":40,"column":8},"end":{"line":40,"column":41}},"19":{"start":{"line":41,"column":8},"end":{"line":41,"column":37}},"20":{"start":{"line":43,"column":8},"end":{"line":43,"column":70}},"21":{"start":{"line":48,"column":25},"end":{"line":48,"column":48}},"22":{"start":{"line":49,"column":4},"end":{"line":49,"column":72}},"23":{"start":{"line":49,"column":22},"end":{"line":49,"column":72}},"24":{"start":{"line":50,"column":4},"end":{"line":54,"column":5}},"25":{"start":{"line":51,"column":8},"end":{"line":51,"column":37}},"26":{"start":{"line":53,"column":8},"end":{"line":53,"column":65}},"27":{"start":{"line":58,"column":21},"end":{"line":58,"column":44}},"28":{"start":{"line":59,"column":4},"end":{"line":59,"column":68}},"29":{"start":{"line":59,"column":18},"end":{"line":59,"column":68}},"30":{"start":{"line":60,"column":4},"end":{"line":65,"column":5}},"31":{"start":{"line":61,"column":28},"end":{"line":61,"column":58}},"32":{"start":{"line":62,"column":8},"end":{"line":62,"column":27}},"33":{"start":{"line":64,"column":8},"end":{"line":64,"column":63}},"34":{"start":{"line":69,"column":21},"end":{"line":69,"column":48}},"35":{"start":{"line":70,"column":4},"end":{"line":70,"column":68}},"36":{"start":{"line":70,"column":18},"end":{"line":70,"column":68}},"37":{"start":{"line":71,"column":4},"end":{"line":80,"column":5}},"38":{"start":{"line":72,"column":8},"end":{"line":77,"column":9}},"39":{"start":{"line":73,"column":12},"end":{"line":73,"column":59}},"40":{"start":{"line":74,"column":12},"end":{"line":74,"column":58}},"41":{"start":{"line":76,"column":12},"end":{"line":76,"column":78}},"42":{"start":{"line":79,"column":8},"end":{"line":79,"column":102}},"43":{"start":{"line":84,"column":21},"end":{"line":84,"column":48}},"44":{"start":{"line":85,"column":4},"end":{"line":85,"column":68}},"45":{"start":{"line":85,"column":18},"end":{"line":85,"column":68}},"46":{"start":{"line":86,"column":4},"end":{"line":95,"column":5}},"47":{"start":{"line":87,"column":8},"end":{"line":92,"column":9}},"48":{"start":{"line":88,"column":12},"end":{"line":88,"column":57}},"49":{"start":{"line":89,"column":12},"end":{"line":89,"column":56}},"50":{"start":{"line":91,"column":12},"end":{"line":91,"column":78}},"51":{"start":{"line":94,"column":8},"end":{"line":94,"column":101}},"52":{"start":{"line":98,"column":21},"end":{"line":98,"column":48}},"53":{"start":{"line":99,"column":4},"end":{"line":99,"column":72}},"54":{"start":{"line":99,"column":18},"end":{"line":99,"column":72}},"55":{"start":{"line":100,"column":4},"end":{"line":107,"column":5}},"56":{"start":{"line":101,"column":8},"end":{"line":104,"column":9}},"57":{"start":{"line":106,"column":8},"end":{"line":106,"column":100}},"58":{"start":{"line":111,"column":4},"end":{"line":135,"column":5}},"59":{"start":{"line":112,"column":25},"end":{"line":119,"column":10}},"60":{"start":{"line":121,"column":8},"end":{"line":123,"column":9}},"61":{"start":{"line":122,"column":12},"end":{"line":122,"column":49}},"62":{"start":{"line":125,"column":25},"end":{"line":125,"column":57}},"63":{"start":{"line":126,"column":8},"end":{"line":129,"column":10}},"64":{"start":{"line":131,"column":8},"end":{"line":134,"column":10}}},"fnMap":{"0":{"name":"createGame","decl":{"start":{"line":4,"column":22},"end":{"line":4,"column":32}},"loc":{"start":{"line":4,"column":53},"end":{"line":16,"column":1}},"line":4},"1":{"name":"getAllGames","decl":{"start":{"line":18,"column":22},"end":{"line":18,"column":33}},"loc":{"start":{"line":18,"column":35},"end":{"line":25,"column":1}},"line":18},"2":{"name":"getById","decl":{"start":{"line":27,"column":22},"end":{"line":27,"column":29}},"loc":{"start":{"line":27,"column":34},"end":{"line":34,"column":1}},"line":27},"3":{"name":"updateAllGame","decl":{"start":{"line":36,"column":22},"end":{"line":36,"column":35}},"loc":{"start":{"line":36,"column":49},"end":{"line":45,"column":1}},"line":36},"4":{"name":"deleteById","decl":{"start":{"line":47,"column":22},"end":{"line":47,"column":32}},"loc":{"start":{"line":47,"column":36},"end":{"line":55,"column":1}},"line":47},"5":{"name":"patchGame","decl":{"start":{"line":57,"column":22},"end":{"line":57,"column":31}},"loc":{"start":{"line":57,"column":44},"end":{"line":66,"column":1}},"line":57},"6":{"name":"startGame","decl":{"start":{"line":68,"column":22},"end":{"line":68,"column":31}},"loc":{"start":{"line":68,"column":50},"end":{"line":81,"column":1}},"line":68},"7":{"name":"endGame","decl":{"start":{"line":83,"column":22},"end":{"line":83,"column":29}},"loc":{"start":{"line":83,"column":48},"end":{"line":96,"column":1}},"line":83},"8":{"name":"getStatusGame","decl":{"start":{"line":97,"column":22},"end":{"line":97,"column":35}},"loc":{"start":{"line":97,"column":44},"end":{"line":108,"column":1}},"line":97},"9":{"name":"getCurrentPlayer","decl":{"start":{"line":110,"column":22},"end":{"line":110,"column":38}},"loc":{"start":{"line":110,"column":47},"end":{"line":136,"column":1}},"line":110}},"branchMap":{"0":{"loc":{"start":{"line":38,"column":4},"end":{"line":38,"column":68}},"type":"if","locations":[{"start":{"line":38,"column":4},"end":{"line":38,"column":68}},{"start":{},"end":{}}],"line":38},"1":{"loc":{"start":{"line":49,"column":4},"end":{"line":49,"column":72}},"type":"if","locations":[{"start":{"line":49,"column":4},"end":{"line":49,"column":72}},{"start":{},"end":{}}],"line":49},"2":{"loc":{"start":{"line":59,"column":4},"end":{"line":59,"column":68}},"type":"if","locations":[{"start":{"line":59,"column":4},"end":{"line":59,"column":68}},{"start":{},"end":{}}],"line":59},"3":{"loc":{"start":{"line":70,"column":4},"end":{"line":70,"column":68}},"type":"if","locations":[{"start":{"line":70,"column":4},"end":{"line":70,"column":68}},{"start":{},"end":{}}],"line":70},"4":{"loc":{"start":{"line":72,"column":8},"end":{"line":77,"column":9}},"type":"if","locations":[{"start":{"line":72,"column":8},"end":{"line":77,"column":9}},{"start":{"line":75,"column":13},"end":{"line":77,"column":9}}],"line":72},"5":{"loc":{"start":{"line":85,"column":4},"end":{"line":85,"column":68}},"type":"if","locations":[{"start":{"line":85,"column":4},"end":{"line":85,"column":68}},{"start":{},"end":{}}],"line":85},"6":{"loc":{"start":{"line":87,"column":8},"end":{"line":92,"column":9}},"type":"if","locations":[{"start":{"line":87,"column":8},"end":{"line":92,"column":9}},{"start":{"line":90,"column":13},"end":{"line":92,"column":9}}],"line":87},"7":{"loc":{"start":{"line":99,"column":4},"end":{"line":99,"column":72}},"type":"if","locations":[{"start":{"line":99,"column":4},"end":{"line":99,"column":72}},{"start":{},"end":{}}],"line":99},"8":{"loc":{"start":{"line":121,"column":8},"end":{"line":123,"column":9}},"type":"if","locations":[{"start":{"line":121,"column":8},"end":{"line":123,"column":9}},{"start":{},"end":{}}],"line":121},"9":{"loc":{"start":{"line":128,"column":28},"end":{"line":128,"column":59}},"type":"cond-expr","locations":[{"start":{"line":128,"column":39},"end":{"line":128,"column":47}},{"start":{"line":128,"column":50},"end":{"line":128,"column":59}}],"line":128}},"s":{"0":2,"1":2,"2":2,"3":2,"4":1,"5":1,"6":2,"7":2,"8":1,"9":1,"10":2,"11":2,"12":1,"13":1,"14":0,"15":0,"16":0,"17":0,"18":0,"19":0,"20":0,"21":3,"22":3,"23":1,"24":2,"25":2,"26":1,"27":3,"28":3,"29":1,"30":2,"31":2,"32":1,"33":1,"34":2,"35":2,"36":0,"37":2,"38":2,"39":1,"40":1,"41":1,"42":0,"43":2,"44":2,"45":0,"46":2,"47":2,"48":1,"49":1,"50":1,"51":0,"52":2,"53":2,"54":1,"55":1,"56":1,"57":0,"58":4,"59":4,"60":3,"61":1,"62":2,"63":2,"64":1},"f":{"0":2,"1":2,"2":2,"3":0,"4":3,"5":3,"6":2,"7":2,"8":2,"9":4},"b":{"0":[0,0],"1":[1,2],"2":[1,2],"3":[0,2],"4":[1,1],"5":[0,2],"6":[1,1],"7":[1,1],"8":[1,2],"9":[1,1]},"_coverageSchema":"1a1c01bbd47fc00a2c39e90264f33305004495a9","hash":"002169be225c1fd514bae5a1499f0a9636dea006"}
,"/home/sac/Downloads/programming4/homework/project_capstone_progra4/services/loginService.js": {"path":"/home/sac/Downloads/programming4/homework/project_capstone_progra4/services/loginService.js","statementMap":{"0":{"start":{"line":7,"column":0},"end":{"line":7,"column":16}},"1":{"start":{"line":10,"column":19},"end":{"line":10,"column":39}},"2":{"start":{"line":11,"column":19},"end":{"line":11,"column":39}},"3":{"start":{"line":13,"column":19},"end":{"line":13,"column":64}},"4":{"start":{"line":14,"column":2},"end":{"line":19,"column":3}},"5":{"start":{"line":15,"column":16},"end":{"line":15,"column":48}},"6":{"start":{"line":16,"column":4},"end":{"line":16,"column":27}},"7":{"start":{"line":17,"column":4},"end":{"line":17,"column":25}},"8":{"start":{"line":18,"column":4},"end":{"line":18,"column":14}},"9":{"start":{"line":21,"column":24},"end":{"line":21,"column":73}},"10":{"start":{"line":22,"column":2},"end":{"line":27,"column":3}},"11":{"start":{"line":23,"column":16},"end":{"line":23,"column":48}},"12":{"start":{"line":24,"column":4},"end":{"line":24,"column":27}},"13":{"start":{"line":25,"column":4},"end":{"line":25,"column":25}},"14":{"start":{"line":26,"column":4},"end":{"line":26,"column":14}},"15":{"start":{"line":29,"column":16},"end":{"line":29,"column":48}},"16":{"start":{"line":30,"column":2},"end":{"line":30,"column":47}},"17":{"start":{"line":34,"column":17},"end":{"line":34,"column":59}},"18":{"start":{"line":35,"column":2},"end":{"line":40,"column":3}},"19":{"start":{"line":36,"column":4},"end":{"line":36,"column":44}},"20":{"start":{"line":37,"column":4},"end":{"line":37,"column":55}},"21":{"start":{"line":39,"column":4},"end":{"line":39,"column":66}},"22":{"start":{"line":44,"column":2},"end":{"line":53,"column":3}},"23":{"start":{"line":45,"column":21},"end":{"line":45,"column":46}},"24":{"start":{"line":46,"column":4},"end":{"line":50,"column":5}},"25":{"start":{"line":47,"column":8},"end":{"line":47,"column":38}},"26":{"start":{"line":49,"column":8},"end":{"line":49,"column":72}},"27":{"start":{"line":52,"column":4},"end":{"line":52,"column":54}},"28":{"start":{"line":57,"column":2},"end":{"line":59,"column":5}}},"fnMap":{"0":{"name":"loginUser","decl":{"start":{"line":9,"column":22},"end":{"line":9,"column":31}},"loc":{"start":{"line":9,"column":45},"end":{"line":31,"column":1}},"line":9},"1":{"name":"logoutUser","decl":{"start":{"line":33,"column":22},"end":{"line":33,"column":32}},"loc":{"start":{"line":33,"column":40},"end":{"line":41,"column":1}},"line":33},"2":{"name":"getUserById","decl":{"start":{"line":43,"column":22},"end":{"line":43,"column":33}},"loc":{"start":{"line":43,"column":38},"end":{"line":54,"column":1}},"line":43},"3":{"name":"generateToken","decl":{"start":{"line":56,"column":15},"end":{"line":56,"column":28}},"loc":{"start":{"line":56,"column":33},"end":{"line":60,"column":1}},"line":56}},"branchMap":{"0":{"loc":{"start":{"line":14,"column":2},"end":{"line":19,"column":3}},"type":"if","locations":[{"start":{"line":14,"column":2},"end":{"line":19,"column":3}},{"start":{},"end":{}}],"line":14},"1":{"loc":{"start":{"line":22,"column":2},"end":{"line":27,"column":3}},"type":"if","locations":[{"start":{"line":22,"column":2},"end":{"line":27,"column":3}},{"start":{},"end":{}}],"line":22},"2":{"loc":{"start":{"line":35,"column":2},"end":{"line":40,"column":3}},"type":"if","locations":[{"start":{"line":35,"column":2},"end":{"line":40,"column":3}},{"start":{"line":38,"column":9},"end":{"line":40,"column":3}}],"line":35},"3":{"loc":{"start":{"line":46,"column":4},"end":{"line":50,"column":5}},"type":"if","locations":[{"start":{"line":46,"column":4},"end":{"line":50,"column":5}},{"start":{"line":48,"column":9},"end":{"line":50,"column":5}}],"line":46}},"s":{"0":3,"1":4,"2":4,"3":4,"4":4,"5":1,"6":1,"7":1,"8":1,"9":3,"10":3,"11":1,"12":1,"13":1,"14":1,"15":2,"16":2,"17":3,"18":3,"19":1,"20":1,"21":2,"22":4,"23":4,"24":2,"25":2,"26":0,"27":2,"28":2},"f":{"0":4,"1":3,"2":4,"3":2},"b":{"0":[1,3],"1":[1,2],"2":[1,2],"3":[2,0]},"_coverageSchema":"1a1c01bbd47fc00a2c39e90264f33305004495a9","hash":"75e75c2ba06d9f8801ab8e8c91e642be1332bf86"}
,"/home/sac/Downloads/programming4/homework/project_capstone_progra4/services/matchService.js": {"path":"/home/sac/Downloads/programming4/homework/project_capstone_progra4/services/matchService.js","statementMap":{"0":{"start":{"line":7,"column":4},"end":{"line":39,"column":5}},"1":{"start":{"line":8,"column":28},"end":{"line":8,"column":55}},"2":{"start":{"line":9,"column":8},"end":{"line":9,"column":63}},"3":{"start":{"line":9,"column":26},"end":{"line":9,"column":63}},"4":{"start":{"line":11,"column":32},"end":{"line":13,"column":10}},"5":{"start":{"line":15,"column":8},"end":{"line":17,"column":9}},"6":{"start":{"line":16,"column":12},"end":{"line":16,"column":44}},"7":{"start":{"line":19,"column":25},"end":{"line":24,"column":10}},"8":{"start":{"line":26,"column":8},"end":{"line":35,"column":9}},"9":{"start":{"line":27,"column":12},"end":{"line":31,"column":15}},"10":{"start":{"line":32,"column":12},"end":{"line":32,"column":68}},"11":{"start":{"line":34,"column":12},"end":{"line":34,"column":79}},"12":{"start":{"line":38,"column":8},"end":{"line":38,"column":93}},"13":{"start":{"line":43,"column":4},"end":{"line":58,"column":5}},"14":{"start":{"line":44,"column":31},"end":{"line":49,"column":10}},"15":{"start":{"line":51,"column":8},"end":{"line":53,"column":9}},"16":{"start":{"line":52,"column":12},"end":{"line":52,"column":66}},"17":{"start":{"line":54,"column":8},"end":{"line":54,"column":57}},"18":{"start":{"line":55,"column":8},"end":{"line":55,"column":72}},"19":{"start":{"line":57,"column":8},"end":{"line":57,"column":105}},"20":{"start":{"line":62,"column":4},"end":{"line":85,"column":5}},"21":{"start":{"line":63,"column":26},"end":{"line":63,"column":53}},"22":{"start":{"line":64,"column":8},"end":{"line":66,"column":9}},"23":{"start":{"line":65,"column":12},"end":{"line":65,"column":78}},"24":{"start":{"line":68,"column":31},"end":{"line":72,"column":10}},"25":{"start":{"line":73,"column":8},"end":{"line":73,"column":86}},"26":{"start":{"line":73,"column":40},"end":{"line":73,"column":86}},"27":{"start":{"line":74,"column":8},"end":{"line":81,"column":9}},"28":{"start":{"line":82,"column":8},"end":{"line":82,"column":54}},"29":{"start":{"line":84,"column":8},"end":{"line":84,"column":107}},"30":{"start":{"line":89,"column":4},"end":{"line":121,"column":5}},"31":{"start":{"line":90,"column":29},"end":{"line":90,"column":56}},"32":{"start":{"line":91,"column":8},"end":{"line":93,"column":9}},"33":{"start":{"line":92,"column":12},"end":{"line":92,"column":47}},"34":{"start":{"line":94,"column":28},"end":{"line":99,"column":10}},"35":{"start":{"line":100,"column":8},"end":{"line":100,"column":41}},"36":{"start":{"line":101,"column":8},"end":{"line":101,"column":40}},"37":{"start":{"line":102,"column":8},"end":{"line":116,"column":9}},"38":{"start":{"line":103,"column":31},"end":{"line":111,"column":13}},"39":{"start":{"line":112,"column":12},"end":{"line":114,"column":13}},"40":{"start":{"line":113,"column":16},"end":{"line":113,"column":82}},"41":{"start":{"line":115,"column":12},"end":{"line":115,"column":66}},"42":{"start":{"line":117,"column":8},"end":{"line":117,"column":72}},"43":{"start":{"line":120,"column":8},"end":{"line":120,"column":96}},"44":{"start":{"line":125,"column":4},"end":{"line":148,"column":5}},"45":{"start":{"line":126,"column":26},"end":{"line":126,"column":53}},"46":{"start":{"line":127,"column":8},"end":{"line":129,"column":9}},"47":{"start":{"line":128,"column":12},"end":{"line":128,"column":78}},"48":{"start":{"line":131,"column":31},"end":{"line":135,"column":10}},"49":{"start":{"line":136,"column":8},"end":{"line":136,"column":86}},"50":{"start":{"line":136,"column":40},"end":{"line":136,"column":86}},"51":{"start":{"line":137,"column":8},"end":{"line":144,"column":9}},"52":{"start":{"line":145,"column":8},"end":{"line":145,"column":52}},"53":{"start":{"line":147,"column":8},"end":{"line":147,"column":107}},"54":{"start":{"line":152,"column":4},"end":{"line":174,"column":5}},"55":{"start":{"line":153,"column":26},"end":{"line":153,"column":53}},"56":{"start":{"line":154,"column":8},"end":{"line":154,"column":61}},"57":{"start":{"line":154,"column":24},"end":{"line":154,"column":61}},"58":{"start":{"line":156,"column":27},"end":{"line":162,"column":10}},"59":{"start":{"line":164,"column":28},"end":{"line":164,"column":66}},"60":{"start":{"line":164,"column":48},"end":{"line":164,"column":65}},"61":{"start":{"line":165,"column":8},"end":{"line":168,"column":10}},"62":{"start":{"line":170,"column":8},"end":{"line":173,"column":10}}},"fnMap":{"0":{"name":"saveUserMatch","decl":{"start":{"line":6,"column":22},"end":{"line":6,"column":35}},"loc":{"start":{"line":6,"column":55},"end":{"line":40,"column":1}},"line":6},"1":{"name":"changeStatus","decl":{"start":{"line":42,"column":22},"end":{"line":42,"column":34}},"loc":{"start":{"line":42,"column":54},"end":{"line":59,"column":1}},"line":42},"2":{"name":"changeStatusInGame","decl":{"start":{"line":61,"column":22},"end":{"line":61,"column":40}},"loc":{"start":{"line":61,"column":60},"end":{"line":86,"column":1}},"line":61},"3":{"name":"abandonmentGame","decl":{"start":{"line":88,"column":22},"end":{"line":88,"column":37}},"loc":{"start":{"line":88,"column":56},"end":{"line":122,"column":1}},"line":88},"4":{"name":"endGame","decl":{"start":{"line":124,"column":22},"end":{"line":124,"column":29}},"loc":{"start":{"line":124,"column":49},"end":{"line":149,"column":1}},"line":124},"5":{"name":"getPlayers","decl":{"start":{"line":151,"column":22},"end":{"line":151,"column":32}},"loc":{"start":{"line":151,"column":41},"end":{"line":175,"column":1}},"line":151},"6":{"name":"(anonymous_6)","decl":{"start":{"line":164,"column":43},"end":{"line":164,"column":44}},"loc":{"start":{"line":164,"column":48},"end":{"line":164,"column":65}},"line":164}},"branchMap":{"0":{"loc":{"start":{"line":9,"column":8},"end":{"line":9,"column":63}},"type":"if","locations":[{"start":{"line":9,"column":8},"end":{"line":9,"column":63}},{"start":{},"end":{}}],"line":9},"1":{"loc":{"start":{"line":15,"column":8},"end":{"line":17,"column":9}},"type":"if","locations":[{"start":{"line":15,"column":8},"end":{"line":17,"column":9}},{"start":{},"end":{}}],"line":15},"2":{"loc":{"start":{"line":26,"column":8},"end":{"line":35,"column":9}},"type":"if","locations":[{"start":{"line":26,"column":8},"end":{"line":35,"column":9}},{"start":{"line":33,"column":15},"end":{"line":35,"column":9}}],"line":26},"3":{"loc":{"start":{"line":51,"column":8},"end":{"line":53,"column":9}},"type":"if","locations":[{"start":{"line":51,"column":8},"end":{"line":53,"column":9}},{"start":{},"end":{}}],"line":51},"4":{"loc":{"start":{"line":64,"column":8},"end":{"line":66,"column":9}},"type":"if","locations":[{"start":{"line":64,"column":8},"end":{"line":66,"column":9}},{"start":{},"end":{}}],"line":64},"5":{"loc":{"start":{"line":73,"column":8},"end":{"line":73,"column":86}},"type":"if","locations":[{"start":{"line":73,"column":8},"end":{"line":73,"column":86}},{"start":{},"end":{}}],"line":73},"6":{"loc":{"start":{"line":91,"column":8},"end":{"line":93,"column":9}},"type":"if","locations":[{"start":{"line":91,"column":8},"end":{"line":93,"column":9}},{"start":{},"end":{}}],"line":91},"7":{"loc":{"start":{"line":102,"column":8},"end":{"line":116,"column":9}},"type":"if","locations":[{"start":{"line":102,"column":8},"end":{"line":116,"column":9}},{"start":{},"end":{}}],"line":102},"8":{"loc":{"start":{"line":102,"column":11},"end":{"line":102,"column":83}},"type":"binary-expr","locations":[{"start":{"line":102,"column":11},"end":{"line":102,"column":42}},{"start":{"line":102,"column":46},"end":{"line":102,"column":83}}],"line":102},"9":{"loc":{"start":{"line":112,"column":12},"end":{"line":114,"column":13}},"type":"if","locations":[{"start":{"line":112,"column":12},"end":{"line":114,"column":13}},{"start":{},"end":{}}],"line":112},"10":{"loc":{"start":{"line":127,"column":8},"end":{"line":129,"column":9}},"type":"if","locations":[{"start":{"line":127,"column":8},"end":{"line":129,"column":9}},{"start":{},"end":{}}],"line":127},"11":{"loc":{"start":{"line":136,"column":8},"end":{"line":136,"column":86}},"type":"if","locations":[{"start":{"line":136,"column":8},"end":{"line":136,"column":86}},{"start":{},"end":{}}],"line":136},"12":{"loc":{"start":{"line":154,"column":8},"end":{"line":154,"column":61}},"type":"if","locations":[{"start":{"line":154,"column":8},"end":{"line":154,"column":61}},{"start":{},"end":{}}],"line":154}},"s":{"0":5,"1":5,"2":4,"3":1,"4":3,"5":3,"6":1,"7":2,"8":2,"9":1,"10":1,"11":1,"12":1,"13":3,"14":3,"15":2,"16":1,"17":1,"18":1,"19":2,"20":4,"21":4,"22":3,"23":1,"24":2,"25":2,"26":1,"27":1,"28":1,"29":2,"30":5,"31":5,"32":4,"33":1,"34":3,"35":3,"36":3,"37":3,"38":2,"39":2,"40":1,"41":1,"42":1,"43":1,"44":1,"45":1,"46":0,"47":0,"48":0,"49":0,"50":0,"51":0,"52":0,"53":1,"54":3,"55":3,"56":2,"57":1,"58":1,"59":1,"60":3,"61":1,"62":1},"f":{"0":5,"1":3,"2":4,"3":5,"4":1,"5":3,"6":3},"b":{"0":[1,3],"1":[1,2],"2":[1,1],"3":[1,1],"4":[1,2],"5":[1,1],"6":[1,3],"7":[2,1],"8":[3,2],"9":[1,1],"10":[0,0],"11":[0,0],"12":[1,1]},"_coverageSchema":"1a1c01bbd47fc00a2c39e90264f33305004495a9","hash":"04af5d60126e0f2e2940f93e1761576363f4287d"}
,"/home/sac/Downloads/programming4/homework/project_capstone_progra4/services/playerService.js": {"path":"/home/sac/Downloads/programming4/homework/project_capstone_progra4/services/playerService.js","statementMap":{"0":{"start":{"line":6,"column":4},"end":{"line":13,"column":5}},"1":{"start":{"line":7,"column":32},"end":{"line":7,"column":74}},"2":{"start":{"line":8,"column":8},"end":{"line":8,"column":46}},"3":{"start":{"line":9,"column":8},"end":{"line":9,"column":40}},"4":{"start":{"line":10,"column":8},"end":{"line":10,"column":59}},"5":{"start":{"line":12,"column":8},"end":{"line":12,"column":53}},"6":{"start":{"line":17,"column":4},"end":{"line":22,"column":5}},"7":{"start":{"line":18,"column":24},"end":{"line":18,"column":46}},"8":{"start":{"line":19,"column":8},"end":{"line":19,"column":23}},"9":{"start":{"line":21,"column":8},"end":{"line":21,"column":72}},"10":{"start":{"line":26,"column":4},"end":{"line":34,"column":5}},"11":{"start":{"line":27,"column":27},"end":{"line":27,"column":52}},"12":{"start":{"line":28,"column":8},"end":{"line":30,"column":9}},"13":{"start":{"line":29,"column":12},"end":{"line":29,"column":64}},"14":{"start":{"line":31,"column":8},"end":{"line":31,"column":26}},"15":{"start":{"line":33,"column":8},"end":{"line":33,"column":60}},"16":{"start":{"line":38,"column":4},"end":{"line":48,"column":5}},"17":{"start":{"line":39,"column":27},"end":{"line":39,"column":52}},"18":{"start":{"line":40,"column":8},"end":{"line":45,"column":10}},"19":{"start":{"line":47,"column":8},"end":{"line":47,"column":60}},"20":{"start":{"line":52,"column":22},"end":{"line":52,"column":47}},"21":{"start":{"line":53,"column":4},"end":{"line":53,"column":77}},"22":{"start":{"line":53,"column":19},"end":{"line":53,"column":77}},"23":{"start":{"line":54,"column":4},"end":{"line":59,"column":5}},"24":{"start":{"line":55,"column":8},"end":{"line":55,"column":42}},"25":{"start":{"line":56,"column":8},"end":{"line":56,"column":38}},"26":{"start":{"line":58,"column":8},"end":{"line":58,"column":70}},"27":{"start":{"line":64,"column":23},"end":{"line":64,"column":48}},"28":{"start":{"line":65,"column":4},"end":{"line":65,"column":78}},"29":{"start":{"line":65,"column":20},"end":{"line":65,"column":78}},"30":{"start":{"line":66,"column":4},"end":{"line":70,"column":5}},"31":{"start":{"line":67,"column":8},"end":{"line":67,"column":35}},"32":{"start":{"line":69,"column":8},"end":{"line":69,"column":66}},"33":{"start":{"line":75,"column":23},"end":{"line":75,"column":49}},"34":{"start":{"line":76,"column":4},"end":{"line":76,"column":78}},"35":{"start":{"line":76,"column":20},"end":{"line":76,"column":78}},"36":{"start":{"line":77,"column":4},"end":{"line":82,"column":5}},"37":{"start":{"line":78,"column":30},"end":{"line":78,"column":62}},"38":{"start":{"line":79,"column":8},"end":{"line":79,"column":29}},"39":{"start":{"line":81,"column":8},"end":{"line":81,"column":65}},"40":{"start":{"line":86,"column":21},"end":{"line":86,"column":23}},"41":{"start":{"line":87,"column":15},"end":{"line":87,"column":54}},"42":{"start":{"line":88,"column":2},"end":{"line":88,"column":14}}},"fnMap":{"0":{"name":"savePlayer","decl":{"start":{"line":5,"column":22},"end":{"line":5,"column":32}},"loc":{"start":{"line":5,"column":45},"end":{"line":14,"column":1}},"line":5},"1":{"name":"getPlayers","decl":{"start":{"line":16,"column":22},"end":{"line":16,"column":32}},"loc":{"start":{"line":16,"column":34},"end":{"line":23,"column":1}},"line":16},"2":{"name":"getByIdPlayer","decl":{"start":{"line":25,"column":22},"end":{"line":25,"column":35}},"loc":{"start":{"line":25,"column":39},"end":{"line":35,"column":1}},"line":25},"3":{"name":"getByIdByToken","decl":{"start":{"line":37,"column":22},"end":{"line":37,"column":36}},"loc":{"start":{"line":37,"column":40},"end":{"line":49,"column":1}},"line":37},"4":{"name":"updateFullPlayer","decl":{"start":{"line":51,"column":22},"end":{"line":51,"column":38}},"loc":{"start":{"line":51,"column":51},"end":{"line":60,"column":1}},"line":51},"5":{"name":"deletePlayer","decl":{"start":{"line":63,"column":22},"end":{"line":63,"column":34}},"loc":{"start":{"line":63,"column":38},"end":{"line":71,"column":1}},"line":63},"6":{"name":"patchPlayer","decl":{"start":{"line":74,"column":22},"end":{"line":74,"column":33}},"loc":{"start":{"line":74,"column":46},"end":{"line":83,"column":1}},"line":74},"7":{"name":"encryptPassword","decl":{"start":{"line":85,"column":15},"end":{"line":85,"column":30}},"loc":{"start":{"line":85,"column":41},"end":{"line":89,"column":1}},"line":85}},"branchMap":{"0":{"loc":{"start":{"line":28,"column":8},"end":{"line":30,"column":9}},"type":"if","locations":[{"start":{"line":28,"column":8},"end":{"line":30,"column":9}},{"start":{},"end":{}}],"line":28},"1":{"loc":{"start":{"line":53,"column":4},"end":{"line":53,"column":77}},"type":"if","locations":[{"start":{"line":53,"column":4},"end":{"line":53,"column":77}},{"start":{},"end":{}}],"line":53},"2":{"loc":{"start":{"line":65,"column":4},"end":{"line":65,"column":78}},"type":"if","locations":[{"start":{"line":65,"column":4},"end":{"line":65,"column":78}},{"start":{},"end":{}}],"line":65},"3":{"loc":{"start":{"line":76,"column":4},"end":{"line":76,"column":78}},"type":"if","locations":[{"start":{"line":76,"column":4},"end":{"line":76,"column":78}},{"start":{},"end":{}}],"line":76}},"s":{"0":4,"1":4,"2":4,"3":4,"4":2,"5":2,"6":1,"7":1,"8":1,"9":0,"10":4,"11":4,"12":4,"13":2,"14":2,"15":2,"16":1,"17":1,"18":1,"19":1,"20":3,"21":3,"22":1,"23":2,"24":2,"25":2,"26":0,"27":4,"28":4,"29":2,"30":2,"31":2,"32":0,"33":2,"34":2,"35":1,"36":1,"37":1,"38":1,"39":0,"40":4,"41":4,"42":4},"f":{"0":4,"1":1,"2":4,"3":1,"4":3,"5":4,"6":2,"7":4},"b":{"0":[2,2],"1":[1,2],"2":[2,2],"3":[1,1]},"_coverageSchema":"1a1c01bbd47fc00a2c39e90264f33305004495a9","hash":"f087015be040fd76839ba46c4f5bb794f2282dba"}
,"/home/sac/Downloads/programming4/homework/project_capstone_progra4/services/scoreService.js": {"path":"/home/sac/Downloads/programming4/homework/project_capstone_progra4/services/scoreService.js","statementMap":{"0":{"start":{"line":5,"column":4},"end":{"line":10,"column":5}},"1":{"start":{"line":6,"column":27},"end":{"line":6,"column":56}},"2":{"start":{"line":7,"column":8},"end":{"line":7,"column":26}},"3":{"start":{"line":9,"column":8},"end":{"line":9,"column":65}},"4":{"start":{"line":14,"column":4},"end":{"line":19,"column":5}},"5":{"start":{"line":15,"column":28},"end":{"line":15,"column":49}},"6":{"start":{"line":16,"column":8},"end":{"line":16,"column":27}},"7":{"start":{"line":18,"column":8},"end":{"line":18,"column":75}},"8":{"start":{"line":23,"column":4},"end":{"line":28,"column":5}},"9":{"start":{"line":24,"column":30},"end":{"line":24,"column":54}},"10":{"start":{"line":25,"column":8},"end":{"line":25,"column":29}},"11":{"start":{"line":27,"column":8},"end":{"line":27,"column":59}},"12":{"start":{"line":32,"column":21},"end":{"line":32,"column":45}},"13":{"start":{"line":33,"column":4},"end":{"line":33,"column":69}},"14":{"start":{"line":33,"column":18},"end":{"line":33,"column":69}},"15":{"start":{"line":34,"column":4},"end":{"line":39,"column":5}},"16":{"start":{"line":35,"column":8},"end":{"line":35,"column":41}},"17":{"start":{"line":36,"column":8},"end":{"line":36,"column":37}},"18":{"start":{"line":38,"column":8},"end":{"line":38,"column":68}},"19":{"start":{"line":44,"column":21},"end":{"line":44,"column":45}},"20":{"start":{"line":45,"column":4},"end":{"line":45,"column":69}},"21":{"start":{"line":45,"column":18},"end":{"line":45,"column":69}},"22":{"start":{"line":46,"column":4},"end":{"line":50,"column":5}},"23":{"start":{"line":47,"column":8},"end":{"line":47,"column":33}},"24":{"start":{"line":49,"column":8},"end":{"line":49,"column":66}},"25":{"start":{"line":54,"column":21},"end":{"line":54,"column":45}},"26":{"start":{"line":55,"column":4},"end":{"line":55,"column":69}},"27":{"start":{"line":55,"column":18},"end":{"line":55,"column":69}},"28":{"start":{"line":56,"column":4},"end":{"line":61,"column":5}},"29":{"start":{"line":57,"column":26},"end":{"line":57,"column":56}},"30":{"start":{"line":58,"column":8},"end":{"line":58,"column":24}},"31":{"start":{"line":60,"column":8},"end":{"line":60,"column":64}},"32":{"start":{"line":65,"column":4},"end":{"line":88,"column":5}},"33":{"start":{"line":66,"column":32},"end":{"line":74,"column":10}},"34":{"start":{"line":76,"column":8},"end":{"line":76,"column":105}},"35":{"start":{"line":76,"column":41},"end":{"line":76,"column":105}},"36":{"start":{"line":77,"column":29},"end":{"line":80,"column":11}},"37":{"start":{"line":77,"column":55},"end":{"line":80,"column":9}},"38":{"start":{"line":82,"column":8},"end":{"line":85,"column":10}},"39":{"start":{"line":87,"column":8},"end":{"line":87,"column":60}}},"fnMap":{"0":{"name":"saveScore","decl":{"start":{"line":4,"column":22},"end":{"line":4,"column":31}},"loc":{"start":{"line":4,"column":43},"end":{"line":11,"column":1}},"line":4},"1":{"name":"getAllScore","decl":{"start":{"line":13,"column":22},"end":{"line":13,"column":33}},"loc":{"start":{"line":13,"column":35},"end":{"line":20,"column":1}},"line":13},"2":{"name":"getById","decl":{"start":{"line":22,"column":22},"end":{"line":22,"column":29}},"loc":{"start":{"line":22,"column":33},"end":{"line":29,"column":1}},"line":22},"3":{"name":"updateAll","decl":{"start":{"line":31,"column":22},"end":{"line":31,"column":31}},"loc":{"start":{"line":31,"column":44},"end":{"line":40,"column":1}},"line":31},"4":{"name":"deleteById","decl":{"start":{"line":43,"column":22},"end":{"line":43,"column":32}},"loc":{"start":{"line":43,"column":36},"end":{"line":51,"column":1}},"line":43},"5":{"name":"patchScore","decl":{"start":{"line":53,"column":22},"end":{"line":53,"column":32}},"loc":{"start":{"line":53,"column":45},"end":{"line":62,"column":1}},"line":53},"6":{"name":"scoreAllPlayers","decl":{"start":{"line":64,"column":22},"end":{"line":64,"column":37}},"loc":{"start":{"line":64,"column":46},"end":{"line":89,"column":1}},"line":64},"7":{"name":"(anonymous_7)","decl":{"start":{"line":77,"column":49},"end":{"line":77,"column":50}},"loc":{"start":{"line":77,"column":55},"end":{"line":80,"column":9}},"line":77}},"branchMap":{"0":{"loc":{"start":{"line":33,"column":4},"end":{"line":33,"column":69}},"type":"if","locations":[{"start":{"line":33,"column":4},"end":{"line":33,"column":69}},{"start":{},"end":{}}],"line":33},"1":{"loc":{"start":{"line":45,"column":4},"end":{"line":45,"column":69}},"type":"if","locations":[{"start":{"line":45,"column":4},"end":{"line":45,"column":69}},{"start":{},"end":{}}],"line":45},"2":{"loc":{"start":{"line":55,"column":4},"end":{"line":55,"column":69}},"type":"if","locations":[{"start":{"line":55,"column":4},"end":{"line":55,"column":69}},{"start":{},"end":{}}],"line":55},"3":{"loc":{"start":{"line":76,"column":8},"end":{"line":76,"column":105}},"type":"if","locations":[{"start":{"line":76,"column":8},"end":{"line":76,"column":105}},{"start":{},"end":{}}],"line":76},"4":{"loc":{"start":{"line":87,"column":34},"end":{"line":87,"column":56}},"type":"binary-expr","locations":[{"start":{"line":87,"column":34},"end":{"line":87,"column":47}},{"start":{"line":87,"column":51},"end":{"line":87,"column":56}}],"line":87}},"s":{"0":2,"1":2,"2":1,"3":1,"4":2,"5":2,"6":1,"7":1,"8":2,"9":2,"10":1,"11":1,"12":3,"13":3,"14":1,"15":2,"16":2,"17":2,"18":1,"19":3,"20":3,"21":1,"22":2,"23":2,"24":1,"25":3,"26":3,"27":1,"28":2,"29":2,"30":1,"31":1,"32":0,"33":0,"34":0,"35":0,"36":0,"37":0,"38":0,"39":0},"f":{"0":2,"1":2,"2":2,"3":3,"4":3,"5":3,"6":0,"7":0},"b":{"0":[1,2],"1":[1,2],"2":[1,2],"3":[0,0],"4":[0,0]},"_coverageSchema":"1a1c01bbd47fc00a2c39e90264f33305004495a9","hash":"ca37f516ee38284f7f4de6357cc0e4c5e07d0085"}
,"/home/sac/Downloads/programming4/homework/project_capstone_progra4/utils/Either.js": {"path":"/home/sac/Downloads/programming4/homework/project_capstone_progra4/utils/Either.js","statementMap":{"0":{"start":{"line":3,"column":4},"end":{"line":3,"column":21}},"1":{"start":{"line":4,"column":4},"end":{"line":4,"column":23}},"2":{"start":{"line":8,"column":4},"end":{"line":8,"column":35}},"3":{"start":{"line":12,"column":4},"end":{"line":12,"column":35}},"4":{"start":{"line":16,"column":4},"end":{"line":16,"column":31}},"5":{"start":{"line":20,"column":4},"end":{"line":20,"column":64}},"6":{"start":{"line":24,"column":4},"end":{"line":24,"column":50}},"7":{"start":{"line":28,"column":4},"end":{"line":28,"column":54}},"8":{"start":{"line":32,"column":4},"end":{"line":32,"column":21}}},"fnMap":{"0":{"name":"(anonymous_0)","decl":{"start":{"line":2,"column":2},"end":{"line":2,"column":3}},"loc":{"start":{"line":2,"column":27},"end":{"line":5,"column":3}},"line":2},"1":{"name":"(anonymous_1)","decl":{"start":{"line":7,"column":2},"end":{"line":7,"column":3}},"loc":{"start":{"line":7,"column":22},"end":{"line":9,"column":3}},"line":7},"2":{"name":"(anonymous_2)","decl":{"start":{"line":11,"column":2},"end":{"line":11,"column":3}},"loc":{"start":{"line":11,"column":21},"end":{"line":13,"column":3}},"line":11},"3":{"name":"(anonymous_3)","decl":{"start":{"line":15,"column":2},"end":{"line":15,"column":3}},"loc":{"start":{"line":15,"column":12},"end":{"line":17,"column":3}},"line":15},"4":{"name":"(anonymous_4)","decl":{"start":{"line":19,"column":2},"end":{"line":19,"column":3}},"loc":{"start":{"line":19,"column":10},"end":{"line":21,"column":3}},"line":19},"5":{"name":"(anonymous_5)","decl":{"start":{"line":23,"column":2},"end":{"line":23,"column":3}},"loc":{"start":{"line":23,"column":14},"end":{"line":25,"column":3}},"line":23},"6":{"name":"(anonymous_6)","decl":{"start":{"line":27,"column":2},"end":{"line":27,"column":3}},"loc":{"start":{"line":27,"column":26},"end":{"line":29,"column":3}},"line":27},"7":{"name":"(anonymous_7)","decl":{"start":{"line":31,"column":2},"end":{"line":31,"column":3}},"loc":{"start":{"line":31,"column":13},"end":{"line":33,"column":3}},"line":31}},"branchMap":{"0":{"loc":{"start":{"line":20,"column":11},"end":{"line":20,"column":63}},"type":"cond-expr","locations":[{"start":{"line":20,"column":28},"end":{"line":20,"column":56}},{"start":{"line":20,"column":59},"end":{"line":20,"column":63}}],"line":20},"1":{"loc":{"start":{"line":24,"column":11},"end":{"line":24,"column":49}},"type":"cond-expr","locations":[{"start":{"line":24,"column":28},"end":{"line":24,"column":42}},{"start":{"line":24,"column":45},"end":{"line":24,"column":49}}],"line":24},"2":{"loc":{"start":{"line":28,"column":11},"end":{"line":28,"column":53}},"type":"cond-expr","locations":[{"start":{"line":28,"column":28},"end":{"line":28,"column":38}},{"start":{"line":28,"column":41},"end":{"line":28,"column":53}}],"line":28}},"s":{"0":4,"1":4,"2":4,"3":0,"4":4,"5":0,"6":0,"7":0,"8":0},"f":{"0":4,"1":4,"2":0,"3":4,"4":0,"5":0,"6":0,"7":0},"b":{"0":[0,0],"1":[0,0],"2":[0,0]},"_coverageSchema":"1a1c01bbd47fc00a2c39e90264f33305004495a9","hash":"848458674f342bdb5c3b479dc551669217948c18"}
,"/home/sac/Downloads/programming4/homework/project_capstone_progra4/utils/blackListToken.js": {"path":"/home/sac/Downloads/programming4/homework/project_capstone_progra4/utils/blackListToken.js","statementMap":{"0":{"start":{"line":1,"column":31},"end":{"line":1,"column":40}},"1":{"start":{"line":4,"column":4},"end":{"line":4,"column":30}},"2":{"start":{"line":8,"column":4},"end":{"line":8,"column":37}}},"fnMap":{"0":{"name":"revokeToken","decl":{"start":{"line":3,"column":22},"end":{"line":3,"column":33}},"loc":{"start":{"line":3,"column":40},"end":{"line":5,"column":1}},"line":3},"1":{"name":"isTokenRevoked","decl":{"start":{"line":7,"column":16},"end":{"line":7,"column":30}},"loc":{"start":{"line":7,"column":37},"end":{"line":9,"column":1}},"line":7}},"branchMap":{},"s":{"0":2,"1":0,"2":3},"f":{"0":0,"1":3},"b":{},"_coverageSchema":"1a1c01bbd47fc00a2c39e90264f33305004495a9","hash":"39153bdcbf0bc454456affa8c487376d1d022423"}
}
