TN:
SF:app.js
FN:43,(anonymous_0)
FNF:1
FNH:1
FNDA:1,(anonymous_0)
DA:12,1
DA:13,1
DA:14,1
DA:16,1
DA:18,1
DA:33,1
DA:34,1
DA:35,1
DA:36,1
DA:37,1
DA:38,1
DA:40,1
DA:41,1
DA:43,1
DA:44,1
DA:45,1
LF:16
LH:16
BRF:0
BRH:0
end_of_record
TN:
SF:controllers/cardController.js
FN:3,createCard
FN:14,getAllCards
FN:23,getByIdCard
FN:33,updateAllCard
FN:45,deleteById
FN:56,patchCard
FN:67,getTopCard
FN:78,validateInputCard
FN:79,(anonymous_8)
FNF:9
FNH:9
FNDA:3,createCard
FNDA:2,getAllCards
FNDA:2,getByIdCard
FNDA:3,updateAllCard
FNDA:2,deleteById
FNDA:2,patchCard
FNDA:3,getTopCard
FNDA:6,validateInputCard
FNDA:10,(anonymous_8)
DA:4,3
DA:5,3
DA:6,2
DA:7,2
DA:8,1
DA:10,1
DA:15,2
DA:16,2
DA:17,1
DA:19,1
DA:24,2
DA:25,2
DA:26,2
DA:27,1
DA:29,1
DA:34,3
DA:35,3
DA:36,3
DA:37,2
DA:38,2
DA:39,1
DA:41,1
DA:46,2
DA:47,2
DA:48,2
DA:49,1
DA:51,1
DA:57,2
DA:58,2
DA:59,2
DA:60,2
DA:61,1
DA:63,1
DA:68,3
DA:69,3
DA:70,2
DA:71,2
DA:72,1
DA:74,1
DA:79,6
DA:80,10
LF:41
LH:41
BRDA:5,0,0,1
BRDA:5,0,1,2
BRDA:36,1,0,1
BRDA:36,1,1,2
BRDA:69,2,0,1
BRDA:69,2,1,2
BRDA:80,3,0,10
BRDA:80,3,1,10
BRDA:80,3,2,10
BRF:9
BRH:9
end_of_record
TN:
SF:controllers/gameController.js
FN:5,createGame
FN:19,getAllGames
FN:28,getById
FN:38,updateAllGame
FN:50,deleteById
FN:61,patchGame
FN:72,startGame
FN:85,endGame
FN:98,getStatusGame
FN:109,currentPlayer
FN:121,validateInputGame
FN:122,(anonymous_11)
FNF:12
FNH:11
FNDA:3,createGame
FNDA:2,getAllGames
FNDA:2,getById
FNDA:3,updateAllGame
FNDA:2,deleteById
FNDA:0,patchGame
FNDA:3,startGame
FNDA:3,endGame
FNDA:3,getStatusGame
FNDA:3,currentPlayer
FNDA:6,validateInputGame
FNDA:10,(anonymous_11)
DA:6,3
DA:7,3
DA:8,3
DA:9,2
DA:10,2
DA:11,1
DA:12,1
DA:13,1
DA:15,1
DA:20,2
DA:21,2
DA:22,1
DA:24,1
DA:29,2
DA:30,2
DA:31,2
DA:32,1
DA:34,1
DA:39,3
DA:40,3
DA:41,3
DA:42,2
DA:43,2
DA:44,1
DA:46,1
DA:51,2
DA:52,2
DA:53,2
DA:54,1
DA:56,1
DA:62,0
DA:63,0
DA:64,0
DA:65,0
DA:66,0
DA:68,0
DA:73,3
DA:74,3
DA:75,3
DA:76,2
DA:77,2
DA:78,1
DA:79,1
DA:81,1
DA:86,3
DA:87,3
DA:88,3
DA:89,2
DA:90,2
DA:91,1
DA:92,1
DA:94,1
DA:99,3
DA:100,3
DA:101,2
DA:102,2
DA:103,1
DA:105,1
DA:110,3
DA:111,3
DA:112,2
DA:113,2
DA:114,2
DA:115,1
DA:117,1
DA:122,6
DA:123,10
LF:67
LH:61
BRDA:8,0,0,1
BRDA:8,0,1,2
BRDA:41,1,0,1
BRDA:41,1,1,2
BRDA:75,2,0,1
BRDA:75,2,1,2
BRDA:88,3,0,1
BRDA:88,3,1,2
BRDA:100,4,0,1
BRDA:100,4,1,2
BRDA:111,5,0,1
BRDA:111,5,1,2
BRDA:123,6,0,10
BRDA:123,6,1,10
BRDA:123,6,2,10
BRF:15
BRH:15
end_of_record
TN:
SF:controllers/loginController.js
FN:3,login
FN:18,logout
FNF:2
FNH:2
FNDA:3,login
FNDA:2,logout
DA:4,3
DA:5,3
DA:6,3
DA:7,2
DA:8,1
DA:10,1
DA:11,1
DA:14,1
DA:19,2
DA:20,2
DA:21,2
DA:22,1
DA:24,1
LF:13
LH:13
BRDA:7,0,0,1
BRDA:7,0,1,1
BRDA:11,1,0,1
BRDA:11,1,1,0
BRF:4
BRH:3
end_of_record
TN:
SF:controllers/matchController.js
FN:3,saveMatch
FN:17,changeStatusUser
FN:29,startGame
FN:38,abandonmentGame
FN:50,endedGame
FN:59,getPlayerInGame
FNF:6
FNH:6
FNDA:3,saveMatch
FNDA:3,changeStatusUser
FNDA:2,startGame
FNDA:3,abandonmentGame
FNDA:2,endedGame
FNDA:3,getPlayerInGame
DA:4,3
DA:5,3
DA:7,3
DA:9,2
DA:10,2
DA:11,1
DA:13,1
DA:18,3
DA:19,3
DA:20,3
DA:21,2
DA:22,2
DA:23,1
DA:25,1
DA:30,2
DA:31,2
DA:32,2
DA:34,1
DA:39,3
DA:40,3
DA:41,3
DA:42,2
DA:43,2
DA:44,1
DA:46,1
DA:51,2
DA:52,2
DA:53,2
DA:55,1
DA:60,3
DA:61,3
DA:62,2
DA:63,2
DA:64,1
DA:66,1
LF:35
LH:35
BRDA:7,0,0,1
BRDA:7,0,1,2
BRDA:20,1,0,1
BRDA:20,1,1,2
BRDA:30,2,0,0
BRDA:30,2,1,2
BRDA:41,3,0,1
BRDA:41,3,1,2
BRDA:51,4,0,0
BRDA:51,4,1,2
BRDA:61,5,0,1
BRDA:61,5,1,2
BRF:12
BRH:10
end_of_record
TN:
SF:controllers/playerController.js
FN:3,createPlayer
FN:15,getPlayers
FN:24,getByIdPlayer
FN:34,updateFullPlayer
FN:47,deletePlayer
FN:58,patchPlayer
FN:69,getPlayerByToken
FN:81,validateInputPlayer
FN:83,(anonymous_8)
FNF:9
FNH:9
FNDA:4,createPlayer
FNDA:3,getPlayers
FNDA:3,getByIdPlayer
FNDA:4,updateFullPlayer
FNDA:3,deletePlayer
FNDA:1,patchPlayer
FNDA:2,getPlayerByToken
FNDA:8,validateInputPlayer
FNDA:12,(anonymous_8)
DA:4,4
DA:5,4
DA:6,1
DA:7,3
DA:8,3
DA:9,2
DA:11,1
DA:16,3
DA:17,3
DA:18,2
DA:20,1
DA:25,3
DA:26,3
DA:27,3
DA:28,2
DA:30,1
DA:35,4
DA:36,4
DA:37,4
DA:38,1
DA:39,3
DA:40,3
DA:41,2
DA:43,1
DA:48,3
DA:49,3
DA:50,3
DA:51,2
DA:53,1
DA:59,1
DA:60,1
DA:61,1
DA:62,1
DA:63,1
DA:65,0
DA:70,2
DA:71,2
DA:72,2
DA:73,1
DA:74,1
DA:75,1
DA:77,0
DA:82,8
DA:83,6
DA:84,12
LF:45
LH:43
BRDA:5,0,0,1
BRDA:5,0,1,3
BRDA:37,1,0,1
BRDA:37,1,1,3
BRDA:72,2,0,1
BRDA:72,2,1,1
BRDA:82,3,0,2
BRDA:82,3,1,6
BRDA:82,4,0,8
BRDA:82,4,1,8
BRDA:84,5,0,12
BRDA:84,5,1,12
BRDA:84,5,2,12
BRF:13
BRH:13
end_of_record
TN:
SF:controllers/scoreController.js
FN:4,saveScore
FN:15,getAllScore
FN:24,getById
FN:34,updateAllScore
FN:46,deleteById
FN:56,patchScore
FN:67,getScoreAllPlayer
FN:78,validateInputScore
FN:79,(anonymous_8)
FNF:9
FNH:9
FNDA:2,saveScore
FNDA:1,getAllScore
FNDA:1,getById
FNDA:2,updateAllScore
FNDA:1,deleteById
FNDA:1,patchScore
FNDA:2,getScoreAllPlayer
FNDA:4,validateInputScore
FNDA:6,(anonymous_8)
DA:5,2
DA:6,2
DA:7,1
DA:8,1
DA:9,1
DA:11,0
DA:16,1
DA:17,1
DA:18,1
DA:20,0
DA:25,1
DA:26,1
DA:27,1
DA:28,1
DA:30,0
DA:35,2
DA:36,2
DA:37,1
DA:38,1
DA:39,1
DA:40,1
DA:42,0
DA:47,1
DA:48,1
DA:49,1
DA:50,1
DA:52,0
DA:57,1
DA:58,1
DA:59,1
DA:60,1
DA:61,1
DA:63,0
DA:68,2
DA:69,2
DA:70,1
DA:71,1
DA:72,1
DA:74,0
DA:79,4
DA:80,6
LF:41
LH:34
BRDA:6,0,0,1
BRDA:6,0,1,1
BRDA:36,1,0,1
BRDA:36,1,1,1
BRDA:69,2,0,1
BRDA:69,2,1,1
BRDA:80,3,0,6
BRDA:80,3,1,6
BRDA:80,3,2,6
BRF:9
BRH:9
end_of_record
TN:
SF:db/db.js
FNF:0
FNH:0
DA:4,16
DA:6,16
LF:2
LH:2
BRF:0
BRH:0
end_of_record
TN:
SF:middlewares/middleware.js
FN:1,(anonymous_0)
FN:12,(anonymous_1)
FNF:2
FNH:0
FNDA:0,(anonymous_0)
FNDA:0,(anonymous_1)
DA:1,1
DA:2,0
DA:4,0
DA:5,0
DA:7,0
DA:12,1
DA:13,0
LF:7
LH:2
BRDA:4,0,0,0
BRDA:4,0,1,0
BRDA:5,1,0,0
BRDA:5,1,1,0
BRF:4
BRH:0
end_of_record
TN:
SF:middlewares/verifyToken.js
FN:4,verifyToken
FNF:1
FNH:0
FNDA:0,verifyToken
DA:5,0
DA:6,0
DA:7,0
DA:9,0
DA:10,0
DA:11,0
DA:14,0
DA:15,0
DA:16,0
DA:17,0
DA:19,0
LF:11
LH:0
BRDA:6,0,0,0
BRDA:6,0,1,0
BRDA:10,1,0,0
BRDA:10,1,1,0
BRF:4
BRH:0
end_of_record
TN:
SF:models/cards.js
FNF:0
FNH:0
DA:5,5
DA:34,5
DA:35,5
LF:3
LH:3
BRF:0
BRH:0
end_of_record
TN:
SF:models/games.js
FNF:0
FNH:0
DA:5,11
DA:41,11
DA:42,11
DA:44,11
DA:45,11
LF:5
LH:5
BRF:0
BRH:0
end_of_record
TN:
SF:models/match.js
FNF:0
FNH:0
DA:6,3
DA:30,3
DA:31,3
DA:33,3
DA:34,3
LF:5
LH:5
BRF:0
BRH:0
end_of_record
TN:
SF:models/player.js
FNF:0
FNH:0
DA:4,16
LF:1
LH:1
BRF:0
BRH:0
end_of_record
TN:
SF:models/score.js
FNF:0
FNH:0
DA:7,3
DA:30,3
DA:31,3
DA:33,3
DA:34,3
LF:5
LH:5
BRF:0
BRH:0
end_of_record
TN:
SF:routes/cardRoutes.js
FNF:0
FNH:0
DA:5,1
DA:7,1
DA:8,1
DA:9,1
DA:10,1
DA:11,1
DA:12,1
DA:13,1
LF:8
LH:8
BRF:0
BRH:0
end_of_record
TN:
SF:routes/gameRoutes.js
FNF:0
FNH:0
DA:5,1
DA:7,1
DA:8,1
DA:9,1
DA:10,1
DA:11,1
DA:12,1
DA:13,1
DA:14,1
DA:15,1
DA:16,1
LF:11
LH:11
BRF:0
BRH:0
end_of_record
TN:
SF:routes/loginRoutes.js
FNF:0
FNH:0
DA:5,1
DA:7,1
DA:8,1
LF:3
LH:3
BRF:0
BRH:0
end_of_record
TN:
SF:routes/matchRoutes.js
FNF:0
FNH:0
DA:4,1
DA:6,1
DA:7,1
DA:8,1
DA:9,1
LF:5
LH:5
BRF:0
BRH:0
end_of_record
TN:
SF:routes/playerRoutes.js
FNF:0
FNH:0
DA:5,1
DA:7,1
DA:8,1
DA:9,1
DA:10,1
DA:11,1
DA:12,1
DA:13,1
LF:8
LH:8
BRF:0
BRH:0
end_of_record
TN:
SF:routes/scoreRoutes.js
FNF:0
FNH:0
DA:5,1
DA:7,1
DA:8,1
DA:9,1
DA:10,1
DA:11,1
DA:12,1
DA:13,1
LF:8
LH:8
BRF:0
BRH:0
end_of_record
TN:
SF:services/cardCreateAuto.js
FN:3,saveCardsAuto
FNF:1
FNH:1
FNDA:2,saveCardsAuto
DA:4,2
DA:5,2
DA:6,2
DA:8,2
DA:9,2
DA:10,5
DA:11,53
DA:12,53
DA:13,101
DA:19,101
DA:24,1
DA:25,2
DA:26,8
DA:32,8
DA:37,1
LF:15
LH:15
BRDA:11,0,0,5
BRDA:11,0,1,48
BRF:2
BRH:2
end_of_record
TN:
SF:services/cardService.js
FN:4,createCard
FN:14,getAllCards
FN:23,getByIdCard
FN:33,updateAll
FN:44,deleteById
FN:54,patchCard
FN:65,getTopCrad
FNF:7
FNH:7
FNDA:1,createCard
FNDA:2,getAllCards
FNDA:2,getByIdCard
FNDA:2,updateAll
FNDA:2,deleteById
FNDA:2,patchCard
FNDA:3,getTopCrad
DA:5,1
DA:6,1
DA:7,1
DA:8,1
DA:10,0
DA:15,2
DA:16,2
DA:17,1
DA:19,1
DA:24,2
DA:25,2
DA:26,2
DA:27,1
DA:29,1
DA:34,2
DA:35,2
DA:36,1
DA:37,1
DA:38,1
DA:40,0
DA:45,2
DA:46,2
DA:47,1
DA:48,1
DA:50,0
DA:55,2
DA:56,2
DA:57,1
DA:58,1
DA:59,1
DA:61,0
DA:66,3
DA:67,3
DA:74,2
DA:75,1
DA:80,2
LF:36
LH:32
BRDA:26,0,0,1
BRDA:26,0,1,1
BRDA:35,1,0,1
BRDA:35,1,1,1
BRDA:46,2,0,1
BRDA:46,2,1,1
BRDA:56,3,0,1
BRDA:56,3,1,1
BRDA:74,4,0,1
BRDA:74,4,1,1
BRF:10
BRH:10
end_of_record
TN:
SF:services/gameService.js
FN:4,createGame
FN:18,getAllGames
FN:27,getById
FN:36,updateAllGame
FN:47,deleteById
FN:57,patchGame
FN:68,startGame
FN:83,endGame
FN:97,getStatusGame
FN:110,getCurrentPlayer
FNF:10
FNH:9
FNDA:2,createGame
FNDA:2,getAllGames
FNDA:2,getById
FNDA:0,updateAllGame
FNDA:3,deleteById
FNDA:3,patchGame
FNDA:2,startGame
FNDA:2,endGame
FNDA:2,getStatusGame
FNDA:4,getCurrentPlayer
DA:5,2
DA:6,2
DA:7,2
DA:8,2
DA:9,1
DA:14,1
DA:19,2
DA:20,2
DA:21,1
DA:23,1
DA:28,2
DA:29,2
DA:30,1
DA:32,1
DA:37,0
DA:38,0
DA:39,0
DA:40,0
DA:41,0
DA:43,0
DA:48,3
DA:49,3
DA:50,2
DA:51,2
DA:53,1
DA:58,3
DA:59,3
DA:60,2
DA:61,2
DA:62,1
DA:64,1
DA:69,2
DA:70,2
DA:71,2
DA:72,2
DA:73,1
DA:74,1
DA:76,1
DA:79,0
DA:84,2
DA:85,2
DA:86,2
DA:87,2
DA:88,1
DA:89,1
DA:91,1
DA:94,0
DA:98,2
DA:99,2
DA:100,1
DA:101,1
DA:106,0
DA:111,4
DA:112,4
DA:121,3
DA:122,1
DA:125,2
DA:126,2
DA:131,1
LF:59
LH:50
BRDA:38,0,0,0
BRDA:38,0,1,0
BRDA:49,1,0,1
BRDA:49,1,1,2
BRDA:59,2,0,1
BRDA:59,2,1,2
BRDA:70,3,0,0
BRDA:70,3,1,2
BRDA:72,4,0,1
BRDA:72,4,1,1
BRDA:85,5,0,0
BRDA:85,5,1,2
BRDA:87,6,0,1
BRDA:87,6,1,1
BRDA:99,7,0,1
BRDA:99,7,1,1
BRDA:121,8,0,1
BRDA:121,8,1,2
BRDA:128,9,0,1
BRDA:128,9,1,1
BRF:20
BRH:16
end_of_record
TN:
SF:services/loginService.js
FN:9,loginUser
FN:33,logoutUser
FN:43,getUserById
FN:56,generateToken
FNF:4
FNH:4
FNDA:3,loginUser
FNDA:3,logoutUser
FNDA:4,getUserById
FNDA:1,generateToken
DA:7,3
DA:10,3
DA:11,3
DA:13,3
DA:14,3
DA:15,1
DA:16,1
DA:17,1
DA:18,1
DA:21,2
DA:22,2
DA:23,1
DA:24,1
DA:25,1
DA:26,1
DA:29,1
DA:30,1
DA:34,3
DA:35,3
DA:36,1
DA:37,1
DA:39,2
DA:44,4
DA:45,4
DA:46,2
DA:47,2
DA:49,0
DA:52,2
DA:57,1
LF:29
LH:28
BRDA:14,0,0,1
BRDA:14,0,1,2
BRDA:22,1,0,1
BRDA:22,1,1,1
BRDA:35,2,0,1
BRDA:35,2,1,2
BRDA:46,3,0,2
BRDA:46,3,1,0
BRF:8
BRH:7
end_of_record
TN:
SF:services/matchService.js
FN:6,saveUserMatch
FN:42,changeStatus
FN:61,changeStatusInGame
FN:88,abandonmentGame
FN:124,endGame
FN:151,getPlayers
FN:164,(anonymous_6)
FNF:7
FNH:7
FNDA:5,saveUserMatch
FNDA:3,changeStatus
FNDA:4,changeStatusInGame
FNDA:5,abandonmentGame
FNDA:1,endGame
FNDA:3,getPlayers
FNDA:3,(anonymous_6)
DA:7,5
DA:8,5
DA:9,4
DA:11,3
DA:15,3
DA:16,1
DA:19,2
DA:26,2
DA:27,1
DA:32,1
DA:34,1
DA:38,1
DA:43,3
DA:44,3
DA:51,2
DA:52,1
DA:54,1
DA:55,1
DA:57,2
DA:62,4
DA:63,4
DA:64,3
DA:65,1
DA:68,2
DA:73,2
DA:74,1
DA:82,1
DA:84,2
DA:89,5
DA:90,5
DA:91,4
DA:92,1
DA:94,3
DA:100,3
DA:101,3
DA:102,3
DA:103,2
DA:112,2
DA:113,1
DA:115,1
DA:117,1
DA:120,1
DA:125,1
DA:126,1
DA:127,0
DA:128,0
DA:131,0
DA:136,0
DA:137,0
DA:145,0
DA:147,1
DA:152,3
DA:153,3
DA:154,2
DA:156,1
DA:164,3
DA:165,1
DA:170,1
LF:58
LH:52
BRDA:9,0,0,1
BRDA:9,0,1,3
BRDA:15,1,0,1
BRDA:15,1,1,2
BRDA:26,2,0,1
BRDA:26,2,1,1
BRDA:51,3,0,1
BRDA:51,3,1,1
BRDA:64,4,0,1
BRDA:64,4,1,2
BRDA:73,5,0,1
BRDA:73,5,1,1
BRDA:91,6,0,1
BRDA:91,6,1,3
BRDA:102,7,0,2
BRDA:102,7,1,1
BRDA:102,8,0,3
BRDA:102,8,1,2
BRDA:112,9,0,1
BRDA:112,9,1,1
BRDA:127,10,0,0
BRDA:127,10,1,0
BRDA:136,11,0,0
BRDA:136,11,1,0
BRDA:154,12,0,1
BRDA:154,12,1,1
BRF:26
BRH:22
end_of_record
TN:
SF:services/playerService.js
FN:5,savePlayer
FN:16,getPlayers
FN:25,getByIdPlayer
FN:37,getByIdByToken
FN:51,updateFullPlayer
FN:63,deletePlayer
FN:74,patchPlayer
FN:85,encryptPassword
FNF:8
FNH:8
FNDA:4,savePlayer
FNDA:1,getPlayers
FNDA:4,getByIdPlayer
FNDA:1,getByIdByToken
FNDA:3,updateFullPlayer
FNDA:4,deletePlayer
FNDA:2,patchPlayer
FNDA:4,encryptPassword
DA:6,4
DA:7,4
DA:8,4
DA:9,4
DA:10,2
DA:12,2
DA:17,1
DA:18,1
DA:19,1
DA:21,0
DA:26,4
DA:27,4
DA:28,4
DA:29,2
DA:31,2
DA:33,2
DA:38,1
DA:39,1
DA:40,1
DA:47,1
DA:52,3
DA:53,3
DA:54,2
DA:55,2
DA:56,2
DA:58,0
DA:64,4
DA:65,4
DA:66,2
DA:67,2
DA:69,0
DA:75,2
DA:76,2
DA:77,1
DA:78,1
DA:79,1
DA:81,0
DA:86,4
DA:87,4
DA:88,4
LF:40
LH:36
BRDA:28,0,0,2
BRDA:28,0,1,2
BRDA:53,1,0,1
BRDA:53,1,1,2
BRDA:65,2,0,2
BRDA:65,2,1,2
BRDA:76,3,0,1
BRDA:76,3,1,1
BRF:8
BRH:8
end_of_record
TN:
SF:services/scoreService.js
FN:4,saveScore
FN:13,getAllScore
FN:22,getById
FN:31,updateAll
FN:43,deleteById
FN:53,patchScore
FN:64,scoreAllPlayers
FN:77,(anonymous_7)
FNF:8
FNH:6
FNDA:2,saveScore
FNDA:2,getAllScore
FNDA:2,getById
FNDA:3,updateAll
FNDA:3,deleteById
FNDA:3,patchScore
FNDA:0,scoreAllPlayers
FNDA:0,(anonymous_7)
DA:5,2
DA:6,2
DA:7,1
DA:9,1
DA:14,2
DA:15,2
DA:16,1
DA:18,1
DA:23,2
DA:24,2
DA:25,1
DA:27,1
DA:32,3
DA:33,3
DA:34,2
DA:35,2
DA:36,2
DA:38,1
DA:44,3
DA:45,3
DA:46,2
DA:47,2
DA:49,1
DA:54,3
DA:55,3
DA:56,2
DA:57,2
DA:58,1
DA:60,1
DA:65,0
DA:66,0
DA:76,0
DA:77,0
DA:82,0
DA:87,0
LF:35
LH:29
BRDA:33,0,0,1
BRDA:33,0,1,2
BRDA:45,1,0,1
BRDA:45,1,1,2
BRDA:55,2,0,1
BRDA:55,2,1,2
BRDA:76,3,0,0
BRDA:76,3,1,0
BRDA:87,4,0,0
BRDA:87,4,1,0
BRF:10
BRH:6
end_of_record
TN:
SF:utils/Either.js
FN:2,(anonymous_0)
FN:7,(anonymous_1)
FN:11,(anonymous_2)
FN:15,(anonymous_3)
FN:19,(anonymous_4)
FN:23,(anonymous_5)
FN:27,(anonymous_6)
FN:31,(anonymous_7)
FNF:8
FNH:3
FNDA:3,(anonymous_0)
FNDA:3,(anonymous_1)
FNDA:0,(anonymous_2)
FNDA:3,(anonymous_3)
FNDA:0,(anonymous_4)
FNDA:0,(anonymous_5)
FNDA:0,(anonymous_6)
FNDA:0,(anonymous_7)
DA:3,3
DA:4,3
DA:8,3
DA:12,0
DA:16,3
DA:20,0
DA:24,0
DA:28,0
DA:32,0
LF:9
LH:4
BRDA:20,0,0,0
BRDA:20,0,1,0
BRDA:24,1,0,0
BRDA:24,1,1,0
BRDA:28,2,0,0
BRDA:28,2,1,0
BRF:6
BRH:0
end_of_record
TN:
SF:utils/blackListToken.js
FN:3,revokeToken
FN:7,isTokenRevoked
FNF:2
FNH:0
FNDA:0,revokeToken
FNDA:0,isTokenRevoked
DA:1,2
DA:4,0
DA:8,0
LF:3
LH:1
BRF:0
BRH:0
end_of_record
